2025-04-08 13:33:40,751: INFO  – ---> Command: TargetEnvironment - Elapsed time: 00:00:00.0011131
2025-04-08 13:33:40,792: INFO  – ---> Command: Configuration - Elapsed time: 00:00:00.0042841
2025-04-08 13:33:44,974: INFO  – ---> Command: SearchTarget - Elapsed time: 00:00:00.0024903
2025-04-08 13:33:46,830: INFO  – ---> Command: OpenKnowledgeBase - Elapsed time: 00:00:11.4218732
2025-04-08 13:34:01,278: INFO  – ---> Command: CustomCommand - Elapsed time: 00:00:00.0274011
2025-04-08 13:34:44,669: INFO  – ---> Command: CustomCommand - Elapsed time: 00:00:05.7238822
2025-04-08 13:34:59,846: INFO  – ---> Command: Delete - Elapsed time: 00:00:00.0016770
2025-04-08 13:35:00,062: INFO  – ---> Command: Delete - Elapsed time: 00:00:00.0011272
2025-04-08 13:35:00,229: INFO  – ---> Command: Delete - Elapsed time: 00:00:00.0011237
2025-04-08 13:35:05,608: INFO  – ---> Command: Delete - Elapsed time: 00:00:00.0441519
2025-04-08 13:35:05,655: INFO  – ---> Command: CustomCommand - Elapsed time: 00:00:00.0306827
2025-04-08 13:35:07,513: INFO  – ---> Command: CustomCommand - Elapsed time: 00:00:00.0887472
2025-04-08 13:35:10,778: INFO  – ---> Command: CustomCommand - Elapsed time: 00:00:00.0006472
2025-04-08 13:35:16,914: INFO  – ---> Command: Copy - Elapsed time: 00:00:00.0136048
2025-04-08 13:35:17,382: INFO  – ---> Command: Paste - Elapsed time: 00:00:00.1379733
2025-04-08 13:35:20,780: INFO  – ---> Command: CustomCommand - Elapsed time: 00:00:00.0698860
2025-04-08 13:35:45,185: INFO  – ---> Command: Delete - Elapsed time: 00:00:00.0350162
2025-04-08 13:35:45,236: INFO  – ---> Command: CustomCommand - Elapsed time: 00:00:00.0347811
2025-04-08 13:35:48,540: INFO  – ---> Command: Paste - Elapsed time: 00:00:00.1117454
2025-04-08 13:35:51,441: INFO  – ---> Command: CustomCommand - Elapsed time: 00:00:00.0541337
2025-04-08 13:35:53,495: INFO  – ---> Command: Delete - Elapsed time: 00:00:00.0349243
2025-04-08 13:35:53,547: INFO  – ---> Command: CustomCommand - Elapsed time: 00:00:00.0371163
2025-04-08 13:35:57,773: INFO  – ---> Command: Delete - Elapsed time: 00:00:00.0011265
2025-04-08 13:36:22,832: INFO  – ---> Command: Paste - Elapsed time: 00:00:00.2280242
2025-04-08 13:36:24,220: INFO  – ---> Command: Paste - Elapsed time: 00:00:00.1194006
2025-04-08 13:36:24,697: INFO  – ---> Command: Paste - Elapsed time: 00:00:00.2197970
2025-04-08 13:36:25,014: INFO  – ---> Command: Paste - Elapsed time: 00:00:00.1609358
2025-04-08 13:36:25,392: INFO  – ---> Command: Paste - Elapsed time: 00:00:00.1487634
2025-04-08 13:36:25,807: INFO  – ---> Command: Paste - Elapsed time: 00:00:00.1550000
2025-04-08 13:36:26,255: INFO  – ---> Command: Paste - Elapsed time: 00:00:00.1790613
2025-04-08 13:36:26,683: INFO  – ---> Command: Paste - Elapsed time: 00:00:00.1896243
2025-04-08 13:36:27,138: INFO  – ---> Command: Paste - Elapsed time: 00:00:00.1898787
2025-04-08 13:36:27,608: INFO  – ---> Command: Paste - Elapsed time: 00:00:00.1953005
2025-04-08 13:37:08,344: INFO  – ---> Command: Delete - Elapsed time: 00:00:00.5792956
2025-04-08 13:37:08,421: INFO  – ---> Command: CustomCommand - Elapsed time: 00:00:00.0446549
2025-04-08 13:37:14,156: INFO  – ---> Command: CustomCommand - Elapsed time: 00:00:00.2440719
2025-04-08 13:37:15,876: INFO  – ---> Command: Undo - Elapsed time: 00:00:00.3519899
2025-04-08 13:37:18,675: INFO  – ---> Command: CustomCommand - Elapsed time: 00:00:00.0932612
2025-04-08 13:37:28,914: INFO  – ---> Command: CustomCommand - Elapsed time: 00:00:00.1067653
2025-04-08 13:38:10,498: INFO  – ---> Command: CustomCommand - Elapsed time: 00:00:00.1492986
2025-04-08 13:38:11,961: INFO  – ---> Command: Delete - Elapsed time: 00:00:00.0525272
2025-04-08 13:38:12,024: INFO  – ---> Command: CustomCommand - Elapsed time: 00:00:00.0374685
2025-04-08 13:38:12,935: INFO  – ---> Command: Delete - Elapsed time: 00:00:00.0428856
2025-04-08 13:38:12,983: INFO  – ---> Command: CustomCommand - Elapsed time: 00:00:00.0362427
2025-04-08 13:38:15,448: INFO  – ---> Command: Delete - Elapsed time: 00:00:00.0525017
2025-04-08 13:38:15,513: INFO  – ---> Command: CustomCommand - Elapsed time: 00:00:00.0357906
2025-04-08 13:38:38,154: INFO  – ---> Command: CustomCommand - Elapsed time: 00:00:00.1125856
2025-04-08 13:38:39,518: INFO  – ---> Command: Delete - Elapsed time: 00:00:00.0421717
2025-04-08 13:38:39,571: INFO  – ---> Command: CustomCommand - Elapsed time: 00:00:00.0403988
2025-04-08 13:39:13,796: INFO  – ---> Command: Delete - Elapsed time: 00:00:00.0394147
2025-04-08 13:39:13,847: INFO  – ---> Command: CustomCommand - Elapsed time: 00:00:00.0386406
2025-04-08 13:39:17,278: INFO  – ---> Command: CustomCommand - Elapsed time: 00:00:00.0852463
2025-04-08 13:39:22,989: INFO  – ---> Command: Copy - Elapsed time: 00:00:00.0002707
2025-04-08 13:39:27,614: INFO  – ---> Command: Paste - Elapsed time: 00:00:00.0019230
2025-04-08 13:39:56,105: INFO  – ---> Command: CustomCommand - Elapsed time: 00:00:00.0814074
2025-04-08 13:39:57,547: INFO  – ---> Command: Delete - Elapsed time: 00:00:00.0316835
2025-04-08 13:39:57,574: INFO  – ---> Command: CustomCommand - Elapsed time: 00:00:00.0074584
2025-04-08 13:40:24,066: INFO  – ---> Command: Delete - Elapsed time: 00:00:00.1098192
2025-04-08 13:40:24,117: INFO  – ---> Command: CustomCommand - Elapsed time: 00:00:00.0370216
2025-04-08 13:40:34,167: INFO  – ---> Command: Copy - Elapsed time: 00:00:00.0026224
2025-04-08 13:40:36,155: INFO  – ---> Command: Paste - Elapsed time: 00:00:00.1907906
2025-04-08 13:40:55,938: INFO  – ---> Command: Delete - Elapsed time: 00:00:00.1097763
2025-04-08 13:40:55,985: INFO  – ---> Command: CustomCommand - Elapsed time: 00:00:00.0317945
2025-04-08 13:40:59,467: INFO  – ---> Command: Paste - Elapsed time: 00:00:00.1671101
2025-04-08 13:41:15,909: INFO  – ---> Command: Delete - Elapsed time: 00:00:00.1132312
2025-04-08 13:41:15,969: INFO  – ---> Command: CustomCommand - Elapsed time: 00:00:00.0394617
2025-04-08 13:41:29,387: INFO  – ---> Command: Paste - Elapsed time: 00:00:00.1265872
2025-04-08 13:42:02,791: INFO  – ---> Command: Delete - Elapsed time: 00:00:00.0357124
2025-04-08 13:42:02,847: INFO  – ---> Command: CustomCommand - Elapsed time: 00:00:00.0413304
2025-04-08 13:42:06,086: INFO  – ---> Command: CustomCommand - Elapsed time: 00:00:00.0818786
2025-04-08 13:42:10,285: INFO  – ---> Command: Paste - Elapsed time: 00:00:00.0494301
2025-04-08 13:42:24,233: INFO  – ---> Command: Delete - Elapsed time: 00:00:00.0372517
2025-04-08 13:42:24,291: INFO  – ---> Command: CustomCommand - Elapsed time: 00:00:00.0438419
2025-04-08 13:42:30,509: INFO  – ---> Command: Paste - Elapsed time: 00:00:00.1765921
2025-04-08 13:42:58,460: INFO  – ---> Command: Delete - Elapsed time: 00:00:00.1122523
2025-04-08 13:42:58,518: INFO  – ---> Command: CustomCommand - Elapsed time: 00:00:00.0390785
2025-04-08 13:43:00,169: INFO  – ---> Command: CustomCommand - Elapsed time: 00:00:00.0636660
2025-04-08 13:43:18,047: INFO  – ---> Command: BuildSelectedObjectOnly - Elapsed time: 00:00:01.2648043
2025-04-08 13:43:51,803: INFO  – ---> Command: BuildCommandWrapperUI - Elapsed time: 00:00:33.7089276
2025-04-08 13:44:12,440: INFO  – ---> Command: RunMainObject - Elapsed time: 00:00:00.0026594
2025-04-08 13:44:19,294: INFO  – ---> Command: BuildCommandWrapperUI - Elapsed time: 00:00:06.8344143
2025-04-08 13:44:36,791: INFO  – ---> Command: BuildCommandWrapperUI - Elapsed time: 00:00:15.0748688
2025-04-08 13:47:47,970: INFO  – ---> Command: Save - Elapsed time: 00:00:00.6625804
2025-04-08 13:48:17,121: INFO  – ---> Command: Copy - Elapsed time: 00:00:00.0209334
2025-04-08 13:48:38,033: INFO  – ---> Command: Paste - Elapsed time: 00:00:00.0136895
2025-04-08 13:48:38,834: INFO  – ---> Command: Save - Elapsed time: 00:00:00.4065564
2025-04-08 13:48:43,895: INFO  – ---> Command: BuildSelectedObjectOnly - Elapsed time: 00:00:00.0027864
2025-04-08 13:48:56,081: INFO  – ---> Command: BuildCommandWrapperUI - Elapsed time: 00:00:12.1815556
2025-04-08 13:50:44,187: INFO  – ---> Command: Save - Elapsed time: 00:00:00.4792370
2025-04-08 13:53:13,798: INFO  – ---> Command: Copy - Elapsed time: 00:00:00.0016020
2025-04-08 13:53:16,921: INFO  – ---> Command: Paste - Elapsed time: 00:00:00.0053150
2025-04-08 13:53:17,741: INFO  – ---> Command: Save - Elapsed time: 00:00:00.5213239
2025-04-08 13:53:35,607: INFO  – ---> Command: Cut - Elapsed time: 00:00:00.0200590
2025-04-08 13:53:39,244: INFO  – ---> Command: Delete - Elapsed time: 00:00:00.0050436
2025-04-08 13:53:53,529: INFO  – ---> Command: Paste - Elapsed time: 00:00:00.0127964
2025-04-08 13:54:13,118: INFO  – ---> Command: Copy - Elapsed time: 00:00:00.0019184
2025-04-08 13:54:15,620: INFO  – ---> Command: Paste - Elapsed time: 00:00:00.0081579
2025-04-08 13:54:25,231: INFO  – ---> Command: Delete - Elapsed time: 00:00:00.0030424
2025-04-08 13:54:25,406: INFO  – ---> Command: Delete - Elapsed time: 00:00:00.0029471
2025-04-08 13:54:25,567: INFO  – ---> Command: Delete - Elapsed time: 00:00:00.0031703
2025-04-08 13:54:25,719: INFO  – ---> Command: Delete - Elapsed time: 00:00:00.0028331
2025-04-08 13:54:25,886: INFO  – ---> Command: Delete - Elapsed time: 00:00:00.0031273
2025-04-08 13:54:26,049: INFO  – ---> Command: Delete - Elapsed time: 00:00:00.0029863
2025-04-08 13:54:26,223: INFO  – ---> Command: Delete - Elapsed time: 00:00:00.0031838
2025-04-08 13:54:26,391: INFO  – ---> Command: Delete - Elapsed time: 00:00:00.0029542
2025-04-08 13:54:26,591: INFO  – ---> Command: Delete - Elapsed time: 00:00:00.0032021
2025-04-08 13:54:26,846: INFO  – ---> Command: Delete - Elapsed time: 00:00:00.0029973
2025-04-08 13:54:44,173: INFO  – ---> Command: Copy - Elapsed time: 00:00:00.0017316
2025-04-08 13:54:49,924: INFO  – ---> Command: Paste - Elapsed time: 00:00:00.0090110
2025-04-08 13:54:52,906: INFO  – ---> Command: Save - Elapsed time: 00:00:00.4783124
2025-04-08 13:55:21,957: INFO  – ---> Command: Copy - Elapsed time: 00:00:00.0018441
2025-04-08 13:55:24,604: INFO  – ---> Command: Paste - Elapsed time: 00:00:00.0087646
2025-04-08 13:55:31,230: INFO  – ---> Command: Copy - Elapsed time: 00:00:00.0020711
2025-04-08 13:55:33,758: INFO  – ---> Command: Paste - Elapsed time: 00:00:00.0102282
2025-04-08 13:55:34,605: INFO  – ---> Command: Save - Elapsed time: 00:00:00.5055220
2025-04-08 13:55:46,005: INFO  – ---> Command: Delete - Elapsed time: 00:00:00.0171499
2025-04-08 13:56:02,389: INFO  – ---> Command: Copy - Elapsed time: 00:00:00.0017344
2025-04-08 13:56:07,409: INFO  – ---> Command: Paste - Elapsed time: 00:00:00.0050025
2025-04-08 13:56:08,214: INFO  – ---> Command: Save - Elapsed time: 00:00:00.4214063
2025-04-08 13:56:34,046: INFO  – ---> Command: BuildSelectedObjectOnly - Elapsed time: 00:00:00.0027659
2025-04-08 13:56:47,177: INFO  – ---> Command: BuildCommandWrapperUI - Elapsed time: 00:00:13.1118779
2025-04-08 13:57:40,187: INFO  – ---> Command: Save - Elapsed time: 00:00:00.5434048
2025-04-08 13:57:45,688: INFO  – ---> Command: BuildSelectedObjectOnly - Elapsed time: 00:00:00.0128607
2025-04-08 13:57:58,308: INFO  – ---> Command: BuildCommandWrapperUI - Elapsed time: 00:00:12.6087031
2025-04-08 14:01:46,399: INFO  – ---> Command: BuildSelectedObjectOnly - Elapsed time: 00:00:00.0020900
2025-04-08 14:01:54,784: INFO  – ---> Command: BuildCommandWrapperUI - Elapsed time: 00:00:08.3761127
2025-04-08 14:02:19,438: INFO  – ---> Command: Save - Elapsed time: 00:00:00.4735346
2025-04-08 14:07:14,848: INFO  – ---> Command: Delete - Elapsed time: 00:00:00.0045177
2025-04-08 14:07:19,839: INFO  – ---> Command: Save - Elapsed time: 00:00:00.4917418
2025-04-08 14:09:24,874: INFO  – ---> Command: Undo - Elapsed time: 00:00:00.0076916
2025-04-08 14:09:25,131: INFO  – ---> Command: Undo - Elapsed time: 00:00:00.0076238
2025-04-08 14:09:25,346: INFO  – ---> Command: Undo - Elapsed time: 00:00:00.0068432
2025-04-08 14:09:25,687: INFO  – ---> Command: Undo - Elapsed time: 00:00:00.0123492
2025-04-08 14:09:26,017: INFO  – ---> Command: Undo - Elapsed time: 00:00:00.0145971
2025-04-08 14:09:26,696: INFO  – ---> Command: Undo - Elapsed time: 00:00:00.0128437
2025-04-08 14:09:27,266: INFO  – ---> Command: Undo - Elapsed time: 00:00:00.0070327
2025-04-08 14:09:27,466: INFO  – ---> Command: Undo - Elapsed time: 00:00:00.0064401
2025-04-08 14:09:27,671: INFO  – ---> Command: Undo - Elapsed time: 00:00:00.0123794
2025-04-08 14:09:27,854: INFO  – ---> Command: Undo - Elapsed time: 00:00:00.0111917
2025-04-08 14:09:28,041: INFO  – ---> Command: Undo - Elapsed time: 00:00:00.0061858
2025-04-08 14:09:28,260: INFO  – ---> Command: Undo - Elapsed time: 00:00:00.0061188
2025-04-08 14:09:28,497: INFO  – ---> Command: Undo - Elapsed time: 00:00:00.0066486
2025-04-08 14:09:28,730: INFO  – ---> Command: Undo - Elapsed time: 00:00:00.0064273
2025-04-08 14:09:28,951: INFO  – ---> Command: Undo - Elapsed time: 00:00:00.0123939
2025-04-08 14:09:29,148: INFO  – ---> Command: Undo - Elapsed time: 00:00:00.0090197
2025-04-08 14:09:29,820: INFO  – ---> Command: Undo - Elapsed time: 00:00:00.0249309
2025-04-08 14:09:55,373: INFO  – ---> Command: Save - Elapsed time: 00:00:00.4173417
2025-04-08 14:11:12,612: INFO  – ---> Command: Delete - Elapsed time: 00:00:00.0247549
2025-04-08 14:11:16,120: INFO  – ---> Command: Delete - Elapsed time: 00:00:00.0044887
2025-04-08 14:11:16,358: INFO  – ---> Command: Delete - Elapsed time: 00:00:00.0030416
2025-04-08 14:11:16,519: INFO  – ---> Command: Delete - Elapsed time: 00:00:00.0032744
2025-04-08 14:11:16,999: INFO  – ---> Command: SelectAll - Elapsed time: 00:00:00.0247566
2025-04-08 14:11:18,337: ERROR – error src0257: Expecting assignment operator, e.g. '&Resultado = &expressionDataTypeVariable.Expression = "sqrt( a )"'. (Web Panel 'General.Calculadora' Events, Line: 42, Char: 5, , Details, )
2025-04-08 14:11:18,337: INFO  – ---> Command: Save - Elapsed time: 00:00:00.1236435
2025-04-08 14:11:20,174: INFO  – ---> Command: Undo - Elapsed time: 00:00:00.0180306
2025-04-08 14:11:21,821: INFO  – ---> Command: Undo - Elapsed time: 00:00:00.0182679
2025-04-08 14:11:22,664: INFO  – ---> Command: Undo - Elapsed time: 00:00:00.0215702
2025-04-08 14:11:22,978: INFO  – ---> Command: Undo - Elapsed time: 00:00:00.0075020
2025-04-08 14:11:23,377: INFO  – ---> Command: Undo - Elapsed time: 00:00:00.0225902
2025-04-08 14:11:25,009: INFO  – ---> Command: Save - Elapsed time: 00:00:00.4057003
2025-04-08 14:12:44,291: INFO  – ---> Command: Save - Elapsed time: 00:00:00.4078681
2025-04-08 14:12:59,994: INFO  – ---> Command: Save - Elapsed time: 00:00:00.4157578
2025-04-08 14:13:02,397: INFO  – ---> Command: Save - Elapsed time: 00:00:00.4177667
2025-04-08 14:14:39,200: INFO  – ---> Command: Delete - Elapsed time: 00:00:00.0056173
2025-04-08 14:15:21,160: INFO  – ---> Command: Delete - Elapsed time: 00:00:00.0049785
2025-04-08 14:15:27,768: INFO  – ---> Command: Undo - Elapsed time: 00:00:00.0051705
2025-04-08 14:15:41,536: INFO  – ---> Command: Undo - Elapsed time: 00:00:00.0050013
2025-04-08 14:15:41,802: INFO  – ---> Command: Undo - Elapsed time: 00:00:00.0073849
2025-04-08 14:15:42,538: INFO  – ---> Command: Undo - Elapsed time: 00:00:00.0068127
2025-04-08 14:15:43,753: INFO  – ---> Command: Delete - Elapsed time: 00:00:00.0069845
2025-04-08 14:15:57,790: INFO  – ---> Command: Delete - Elapsed time: 00:00:00.0045354
2025-04-08 14:15:58,912: INFO  – ---> Command: Undo - Elapsed time: 00:00:00.0048578
2025-04-08 14:16:26,792: INFO  – ---> Command: Undo - Elapsed time: 00:00:00.0051682
2025-04-08 14:16:27,058: INFO  – ---> Command: Undo - Elapsed time: 00:00:00.0073212
2025-04-08 14:16:27,264: INFO  – ---> Command: Undo - Elapsed time: 00:00:00.0055311
2025-04-08 14:16:27,722: INFO  – ---> Command: Undo - Elapsed time: 00:00:00.0069606
2025-04-08 14:16:28,104: INFO  – ---> Command: Undo - Elapsed time: 00:00:00.0052715
2025-04-08 14:16:28,437: INFO  – ---> Command: Undo - Elapsed time: 00:00:00.0138012
2025-04-08 14:16:28,800: INFO  – ---> Command: Undo - Elapsed time: 00:00:00.0056909
2025-04-08 14:16:29,072: INFO  – ---> Command: Undo - Elapsed time: 00:00:00.0050226
2025-04-08 14:16:29,289: INFO  – ---> Command: Undo - Elapsed time: 00:00:00.0068198
2025-04-08 14:16:31,040: INFO  – ---> Command: Undo - Elapsed time: 00:00:00.0056294
2025-04-08 14:16:31,599: INFO  – ---> Command: Undo - Elapsed time: 00:00:00.0049051
2025-04-08 14:16:32,089: INFO  – ---> Command: Undo - Elapsed time: 00:00:00.0056132
2025-04-08 14:16:35,785: INFO  – ---> Command: Delete - Elapsed time: 00:00:00.0052571
2025-04-08 14:16:40,050: INFO  – ---> Command: Save - Elapsed time: 00:00:00.3915018
2025-04-08 14:16:41,803: INFO  – ---> Command: Save - Elapsed time: 00:00:00.4086122
2025-04-08 14:17:08,659: INFO  – ---> Command: Cut - Elapsed time: 00:00:00.0167290
2025-04-08 14:17:10,769: INFO  – ---> Command: Paste - Elapsed time: 00:00:00.0057510
2025-04-08 14:17:11,541: INFO  – ---> Command: Save - Elapsed time: 00:00:00.4501082
2025-04-08 14:18:14,686: ERROR – error src0057: Expecting 'EndIf' command to close the 'If' block (Web Panel 'General.Calculadora' Events, Line: 265, Char: 2, , Details, )
2025-04-08 14:18:14,686: INFO  – ---> Command: Save - Elapsed time: 00:00:00.0909749
2025-04-08 14:18:20,600: INFO  – ---> Command: Save - Elapsed time: 00:00:00.4059510
2025-04-08 14:19:05,765: INFO  – ---> Command: Cut - Elapsed time: 00:00:00.0185252
2025-04-08 14:19:13,634: INFO  – ---> Command: Paste - Elapsed time: 00:00:00.0161092
2025-04-08 14:19:14,467: INFO  – ---> Command: Save - Elapsed time: 00:00:00.4156217
2025-04-08 14:19:21,607: INFO  – ---> Command: Cut - Elapsed time: 00:00:00.0198441
2025-04-08 14:19:28,847: INFO  – ---> Command: Paste - Elapsed time: 00:00:00.0123921
2025-04-08 14:19:29,639: INFO  – ---> Command: Save - Elapsed time: 00:00:00.4288486
2025-04-08 14:20:17,103: INFO  – ---> Command: Save - Elapsed time: 00:00:00.4118187
2025-04-08 14:20:23,773: INFO  – ---> Command: Copy - Elapsed time: 00:00:00.0021934
2025-04-08 14:20:27,897: INFO  – ---> Command: Paste - Elapsed time: 00:00:00.0059111
2025-04-08 14:20:34,861: INFO  – ---> Command: Save - Elapsed time: 00:00:00.4824891
2025-04-08 14:20:52,809: INFO  – ---> Command: Save - Elapsed time: 00:00:00.4140886
2025-04-08 14:21:04,962: INFO  – ---> Command: Save - Elapsed time: 00:00:00.3998599
2025-04-08 14:21:10,975: INFO  – ---> Command: Save - Elapsed time: 00:00:00.3967334
2025-04-08 14:21:19,144: INFO  – ---> Command: BuildSelectedObjectOnly - Elapsed time: 00:00:00.0050832
2025-04-08 14:21:32,832: INFO  – ---> Command: BuildCommandWrapperUI - Elapsed time: 00:00:13.6863367
2025-04-08 14:24:09,980: INFO  – ---> Command: Save - Elapsed time: 00:00:00.4173544
2025-04-08 14:24:17,954: INFO  – ---> Command: Delete - Elapsed time: 00:00:00.0074098
2025-04-08 14:24:18,944: INFO  – ---> Command: Save - Elapsed time: 00:00:00.4454746
2025-04-08 14:24:58,835: INFO  – ---> Command: Save - Elapsed time: 00:00:00.3995265
2025-04-08 14:25:16,247: INFO  – ---> Command: BuildSelectedObjectOnly - Elapsed time: 00:00:00.0046209
2025-04-08 14:25:26,163: INFO  – ---> Command: BuildCommandWrapperUI - Elapsed time: 00:00:09.9128943
2025-04-08 14:30:01,880: INFO  – Generating Design System Calculadora_Bruno
2025-04-08 14:30:02,220: INFO  – ---> Command: Save - Elapsed time: 00:00:00.6256332
2025-04-08 14:30:15,223: INFO  – Generating Design System Calculadora_Bruno
2025-04-08 14:30:15,348: INFO  – ---> Command: Save - Elapsed time: 00:00:00.3760774
2025-04-08 14:30:26,542: INFO  – Generating Design System Calculadora_Bruno
2025-04-08 14:30:26,661: INFO  – ---> Command: Save - Elapsed time: 00:00:00.3543475
2025-04-08 14:30:39,039: INFO  – Generating Design System Calculadora_Bruno
2025-04-08 14:30:39,163: INFO  – ---> Command: Save - Elapsed time: 00:00:00.3611275
2025-04-08 14:31:15,745: ERROR – error: missing ';' at '}' (Design System 'Calculadora_Bruno' Styles, Line: 6, )
2025-04-08 14:31:15,745: INFO  – ---> Command: Save - Elapsed time: 00:00:00.2611791
2025-04-08 14:31:23,557: INFO  – ---> Command: Save - Elapsed time: 00:00:01.9371148
2025-04-08 14:31:27,226: INFO  – Generating Design System Calculadora_Bruno
2025-04-08 14:31:27,349: INFO  – ---> Command: Save - Elapsed time: 00:00:00.3543426
2025-04-08 14:31:36,078: INFO  – Generating Design System Calculadora_Bruno
2025-04-08 14:31:36,196: INFO  – ---> Command: Save - Elapsed time: 00:00:00.3844399
2025-04-08 14:32:55,039: ERROR – error: mismatched input ';' expecting '.' (Design System 'Calculadora_Bruno' Styles, Line: 5, )
2025-04-08 14:32:55,040: INFO  – ---> Command: Save - Elapsed time: 00:00:00.2451321
2025-04-08 14:33:00,034: INFO  – Generating Design System Calculadora_Bruno
2025-04-08 14:33:00,164: INFO  – ---> Command: Save - Elapsed time: 00:00:00.3838734
2025-04-08 14:33:24,424: INFO  – ---> Command: Save - Elapsed time: 00:00:00.3740717
2025-04-08 14:33:26,429: INFO  – ---> Command: BuildSelectedObjectOnly - Elapsed time: 00:00:00.0031349
2025-04-08 14:33:35,959: INFO  – ---> Command: CustomCommand - Elapsed time: 00:00:00.8250744
2025-04-08 14:33:36,372: INFO  – ---> Command: Undo - Elapsed time: 00:00:00.2799165
2025-04-08 14:33:36,917: INFO  – ---> Command: BuildCommandWrapperUI - Elapsed time: 00:00:10.4788891
2025-04-08 14:33:42,948: INFO  – ---> Command: CustomCommand - Elapsed time: 00:00:00.0007435
2025-04-08 14:33:44,942: INFO  – ---> Command: Save - Elapsed time: 00:00:00.3888112
2025-04-08 14:34:01,786: INFO  – ---> Command: BuildSelectedObjectOnly - Elapsed time: 00:00:00.0063927
2025-04-08 14:34:10,435: INFO  – ---> Command: BuildCommandWrapperUI - Elapsed time: 00:00:08.6374197
2025-04-08 14:35:23,530: ERROR – error: missing '}' at '@import' (Design System 'Calculadora_Bruno' Styles, Line: 5, )
2025-04-08 14:35:23,530: ERROR – error: mismatched input ':' expecting ';' (Design System 'Calculadora_Bruno' Styles, Line: 6, )
2025-04-08 14:35:23,531: ERROR – error: mismatched input ';' expecting '{' (Design System 'Calculadora_Bruno' Styles, Line: 6, )
2025-04-08 14:35:23,531: ERROR – error: mismatched input ';' expecting '{' (Design System 'Calculadora_Bruno' Styles, Line: 7, )
2025-04-08 14:35:23,533: ERROR – error: extraneous input '}' expecting <EOF> (Design System 'Calculadora_Bruno' Styles, Line: 10, )
2025-04-08 14:35:23,533: INFO  – ---> Command: Save - Elapsed time: 00:00:00.2478044
2025-04-08 14:36:43,226: INFO  – Generating Design System Calculadora_Bruno
2025-04-08 14:36:43,351: INFO  – ---> Command: Save - Elapsed time: 00:00:00.3564031
2025-04-08 14:37:30,489: INFO  – ---> Command: Save - Elapsed time: 00:00:00.3664151
2025-04-08 14:37:33,496: INFO  – ---> Command: BuildSelectedObjectOnly - Elapsed time: 00:00:00.0052461
2025-04-08 14:37:43,091: INFO  – ---> Command: BuildCommandWrapperUI - Elapsed time: 00:00:09.5919101
2025-04-08 14:37:59,123: INFO  – ---> Command: Copy - Elapsed time: 00:00:00.0002117
2025-04-08 14:38:13,085: INFO  – ---> Command: CustomCommand - Elapsed time: 00:00:00.5389433
2025-04-08 14:38:14,535: INFO  – ---> Command: Undo - Elapsed time: 00:00:00.3169264
2025-04-08 14:39:06,254: INFO  – ---> Command: Paste - Elapsed time: 00:00:00.0036031
2025-04-08 14:39:12,228: INFO  – ---> Command: Save - Elapsed time: 00:00:00.4100379
2025-04-08 14:39:14,603: INFO  – ---> Command: BuildSelectedObjectOnly - Elapsed time: 00:00:00.0091236
2025-04-08 14:39:23,911: INFO  – ---> Command: BuildCommandWrapperUI - Elapsed time: 00:00:09.3021881
2025-04-08 14:41:28,272: ERROR – error: missing ';' at '}' (Design System 'Calculadora_Bruno' Styles, Line: 7, )
2025-04-08 14:41:28,272: INFO  – ---> Command: Save - Elapsed time: 00:00:00.2458968
2025-04-08 14:41:33,511: INFO  – ---> Command: Save - Elapsed time: 00:00:01.8783659
2025-04-08 14:41:38,032: INFO  – Generating Design System Calculadora_Bruno
2025-04-08 14:41:38,167: INFO  – ---> Command: Save - Elapsed time: 00:00:00.3880847
2025-04-08 14:42:23,091: INFO  – ---> Command: BuildSelectedObjectOnly - Elapsed time: 00:00:00.4594039
2025-04-08 14:42:32,559: INFO  – ---> Command: BuildCommandWrapperUI - Elapsed time: 00:00:09.4428996
2025-04-08 14:43:24,665: INFO  – ---> Command: Cut - Elapsed time: 00:00:00.0232435
2025-04-08 14:43:44,525: INFO  – ---> Command: Paste - Elapsed time: 00:00:00.0112809
2025-04-08 14:43:56,687: INFO  – ---> Command: Delete - Elapsed time: 00:00:00.0051852
2025-04-08 14:43:59,168: INFO  – ---> Command: Copy - Elapsed time: 00:00:00.0016311
2025-04-08 14:44:37,415: INFO  – ---> Command: Paste - Elapsed time: 00:00:00.0055457
2025-04-08 14:44:38,741: INFO  – ---> Command: Save - Elapsed time: 00:00:00.4194385
2025-04-08 14:44:50,640: INFO  – ---> Command: Paste - Elapsed time: 00:00:00.0225710
2025-04-08 14:44:55,478: INFO  – ---> Command: Save - Elapsed time: 00:00:00.4043073
2025-04-08 14:45:19,585: INFO  – ---> Command: BuildSelectedObjectOnly - Elapsed time: 00:00:00.0054452
2025-04-08 14:45:28,832: INFO  – ---> Command: BuildCommandWrapperUI - Elapsed time: 00:00:09.2453126
2025-04-08 14:46:18,948: INFO  – ---> Command: Copy - Elapsed time: 00:00:00.0016892
2025-04-08 14:46:21,551: INFO  – ---> Command: Paste - Elapsed time: 00:00:00.0131054
2025-04-08 14:46:32,993: INFO  – ---> Command: Delete - Elapsed time: 00:00:00.0029897
2025-04-08 14:46:33,183: INFO  – ---> Command: Delete - Elapsed time: 00:00:00.0048199
2025-04-08 14:46:33,388: INFO  – ---> Command: Delete - Elapsed time: 00:00:00.0028525
2025-04-08 14:46:36,029: INFO  – ---> Command: Delete - Elapsed time: 00:00:00.0041877
2025-04-08 14:46:36,236: INFO  – ---> Command: Delete - Elapsed time: 00:00:00.0029065
2025-04-08 14:46:41,054: INFO  – ---> Command: Delete - Elapsed time: 00:00:00.0046658
2025-04-08 14:46:41,237: INFO  – ---> Command: Delete - Elapsed time: 00:00:00.0028605
2025-04-08 14:46:41,437: INFO  – ---> Command: Delete - Elapsed time: 00:00:00.0031520
2025-04-08 14:46:43,134: INFO  – ---> Command: Delete - Elapsed time: 00:00:00.0043524
2025-04-08 14:46:43,356: INFO  – ---> Command: Delete - Elapsed time: 00:00:00.0031128
2025-04-08 14:46:43,564: INFO  – ---> Command: Delete - Elapsed time: 00:00:00.0029118
2025-04-08 14:46:45,790: INFO  – ---> Command: Delete - Elapsed time: 00:00:00.0043427
2025-04-08 14:46:46,005: INFO  – ---> Command: Delete - Elapsed time: 00:00:00.0029491
2025-04-08 14:46:46,621: INFO  – ---> Command: Delete - Elapsed time: 00:00:00.0035010
2025-04-08 14:46:48,197: INFO  – ---> Command: Save - Elapsed time: 00:00:00.4352929
2025-04-08 14:46:55,703: INFO  – ---> Command: Save - Elapsed time: 00:00:01.9333094
2025-04-08 14:46:57,665: INFO  – ---> Command: BuildSelectedObjectOnly - Elapsed time: 00:00:00.0067166
2025-04-08 14:47:06,751: INFO  – ---> Command: BuildCommandWrapperUI - Elapsed time: 00:00:09.0731929
2025-04-08 14:48:37,169: ERROR – error src0057: Expecting 'EndIf' command to close the 'If' block (Web Panel 'General.Calculadora' Events, Line: 65, Char: 2, , Details, )
2025-04-08 14:48:37,169: ERROR – error src0054: '{0}' is an unexpected expression. (Web Panel 'General.Calculadora' Events, Line: 77, Char: 6, , Details, )
2025-04-08 14:48:37,170: ERROR – error src0052: Unexpected command 'endif' (Web Panel 'General.Calculadora' Events, Line: 78, Char: 2, , Details, )
2025-04-08 14:48:37,170: ERROR – error src0086: This code must be inside an 'Event' or 'Subroutine' definition. (Web Panel 'General.Calculadora' Events, Line: 79, Char: 9, , Details, )
2025-04-08 14:48:37,171: ERROR – error src0304: ''CancelarTudo'' is an undefined subroutine. (Web Panel 'General.Calculadora' Events, Line: 23, Char: 9, , Details, )
2025-04-08 14:48:37,171: ERROR – error src0304: ''FormatarNumero'' is an undefined subroutine. (Web Panel 'General.Calculadora' Events, Line: 49, Char: 5, , Details, )
2025-04-08 14:48:37,172: ERROR – error src0304: ''MostrarUsuario'' is an undefined subroutine. (Web Panel 'General.Calculadora' Events, Line: 75, Char: 6, , Details, )
2025-04-08 14:48:37,172: INFO  – ---> Command: Save - Elapsed time: 00:00:00.1034726
2025-04-08 14:48:43,808: ERROR – error src0057: Expecting 'EndIf' command to close the 'If' block (Web Panel 'General.Calculadora' Events, Line: 65, Char: 2, , Details, )
2025-04-08 14:48:43,808: ERROR – error src0054: '{0}' is an unexpected expression. (Web Panel 'General.Calculadora' Events, Line: 74, Char: 4, , Details, )
2025-04-08 14:48:43,809: ERROR – error src0052: Unexpected command 'endif' (Web Panel 'General.Calculadora' Events, Line: 75, Char: 3, , Details, )
2025-04-08 14:48:43,809: ERROR – error src0054: ''MostrarUsuario'' is an unexpected expression. (Web Panel 'General.Calculadora' Events, Line: 76, Char: 6, , Details, )
2025-04-08 14:48:43,809: ERROR – error src0052: Unexpected command '{0}' (Web Panel 'General.Calculadora' Events, Line: 77, Char: 2, , Details, )
2025-04-08 14:48:43,809: ERROR – error src0052: Unexpected command 'endif' (Web Panel 'General.Calculadora' Events, Line: 79, Char: 2, , Details, )
2025-04-08 14:48:43,810: ERROR – error src0086: This code must be inside an 'Event' or 'Subroutine' definition. (Web Panel 'General.Calculadora' Events, Line: 80, Char: 9, , Details, )
2025-04-08 14:48:43,810: ERROR – error src0304: ''CancelarTudo'' is an undefined subroutine. (Web Panel 'General.Calculadora' Events, Line: 23, Char: 9, , Details, )
2025-04-08 14:48:43,810: ERROR – error src0304: ''FormatarNumero'' is an undefined subroutine. (Web Panel 'General.Calculadora' Events, Line: 49, Char: 5, , Details, )
2025-04-08 14:48:43,810: INFO  – ---> Command: Save - Elapsed time: 00:00:00.0944457
2025-04-08 14:48:46,640: INFO  – ---> Command: Undo - Elapsed time: 00:00:00.0058120
2025-04-08 14:48:47,062: INFO  – ---> Command: Undo - Elapsed time: 00:00:00.0123876
2025-04-08 14:48:47,373: INFO  – ---> Command: Undo - Elapsed time: 00:00:00.0194836
2025-04-08 14:50:05,194: ERROR – error src0052: Unexpected command '{0}' (Web Panel 'General.Calculadora' Events, Line: 55, Char: 2, , Details, )
2025-04-08 14:50:05,194: ERROR – error src0052: Unexpected command 'endif' (Web Panel 'General.Calculadora' Events, Line: 57, Char: 2, , Details, )
2025-04-08 14:50:05,194: INFO  – ---> Command: Save - Elapsed time: 00:00:00.0801717
2025-04-08 14:50:15,507: INFO  – ---> Command: Save - Elapsed time: 00:00:00.4015140
2025-04-08 14:50:17,949: INFO  – ---> Command: BuildSelectedObjectOnly - Elapsed time: 00:00:00.0033814
2025-04-08 14:50:27,103: INFO  – ---> Command: BuildCommandWrapperUI - Elapsed time: 00:00:09.1466276
2025-04-08 14:54:22,195: INFO  – ---> Command: Copy - Elapsed time: 00:00:00.0018927
2025-04-08 14:54:22,863: INFO  – ---> Command: Find - Elapsed time: 00:00:00.0936021
2025-04-08 14:54:23,340: INFO  – ---> Command: Paste - Elapsed time: 00:00:00.0021031
2025-04-08 14:55:09,262: INFO  – ---> Command: Cut - Elapsed time: 00:00:00.0117616
2025-04-08 14:55:12,862: INFO  – ---> Command: Paste - Elapsed time: 00:00:00.0121402
2025-04-08 14:55:13,682: INFO  – ---> Command: Save - Elapsed time: 00:00:00.4246299
2025-04-08 14:55:18,602: INFO  – ---> Command: Save - Elapsed time: 00:00:00.3999302
2025-04-08 14:57:14,407: INFO  – ---> Command: Undo - Elapsed time: 00:00:00.0135131
2025-04-08 14:57:14,639: INFO  – ---> Command: Undo - Elapsed time: 00:00:00.0052128
2025-04-08 14:57:14,846: INFO  – ---> Command: Undo - Elapsed time: 00:00:00.0044117
2025-04-08 14:57:15,057: INFO  – ---> Command: Undo - Elapsed time: 00:00:00.0076820
2025-04-08 14:57:15,263: INFO  – ---> Command: Undo - Elapsed time: 00:00:00.0051084
2025-04-08 14:57:15,481: INFO  – ---> Command: Undo - Elapsed time: 00:00:00.0079252
2025-04-08 14:57:15,707: INFO  – ---> Command: Undo - Elapsed time: 00:00:00.0179589
2025-04-08 14:57:15,954: INFO  – ---> Command: Undo - Elapsed time: 00:00:00.0253339
2025-04-08 14:57:16,184: INFO  – ---> Command: Undo - Elapsed time: 00:00:00.0093887
2025-04-08 14:57:16,844: INFO  – ---> Command: Undo - Elapsed time: 00:00:00.0098747
2025-04-08 14:57:17,271: INFO  – ---> Command: Undo - Elapsed time: 00:00:00.0143789
2025-04-08 14:57:17,708: INFO  – ---> Command: Undo - Elapsed time: 00:00:00.0188756
2025-04-08 14:57:18,279: INFO  – ---> Command: Undo - Elapsed time: 00:00:00.0061827
2025-04-08 14:57:18,656: INFO  – ---> Command: Undo - Elapsed time: 00:00:00.0074151
2025-04-08 14:57:34,804: INFO  – ---> Command: Copy - Elapsed time: 00:00:00.0019788
2025-04-08 14:57:36,294: INFO  – ---> Command: Paste - Elapsed time: 00:00:00.0123255
2025-04-08 14:57:41,494: INFO  – ---> Command: Delete - Elapsed time: 00:00:00.0042342
2025-04-08 14:57:41,692: INFO  – ---> Command: Delete - Elapsed time: 00:00:00.0029286
2025-04-08 14:57:41,852: INFO  – ---> Command: Delete - Elapsed time: 00:00:00.0030493
2025-04-08 14:57:42,774: INFO  – ---> Command: Delete - Elapsed time: 00:00:00.0035433
2025-04-08 14:57:42,980: INFO  – ---> Command: Delete - Elapsed time: 00:00:00.0029570
2025-04-08 14:57:43,148: INFO  – ---> Command: Delete - Elapsed time: 00:00:00.0027809
2025-04-08 14:57:43,781: INFO  – ---> Command: SelectAll - Elapsed time: 00:00:00.0196120
2025-04-08 14:57:46,058: INFO  – ---> Command: Save - Elapsed time: 00:00:00.4245774
2025-04-08 14:57:50,879: INFO  – ---> Command: Delete - Elapsed time: 00:00:00.0049959
2025-04-08 14:57:52,400: INFO  – ---> Command: Save - Elapsed time: 00:00:00.3979512
2025-04-08 14:58:44,737: INFO  – ---> Command: Save - Elapsed time: 00:00:00.4159811
2025-04-08 14:59:07,093: INFO  – ---> Command: Save - Elapsed time: 00:00:00.4119218
2025-04-08 14:59:32,312: INFO  – ---> Command: BuildSelectedObjectOnly - Elapsed time: 00:00:00.0049565
2025-04-08 14:59:41,709: INFO  – ---> Command: BuildCommandWrapperUI - Elapsed time: 00:00:09.3959494
2025-04-08 15:03:56,771: INFO  – ---> Command: Copy - Elapsed time: 00:00:00.0014358
2025-04-08 15:03:59,987: INFO  – ---> Command: Paste - Elapsed time: 00:00:00.0093759
2025-04-08 15:04:00,720: ERROR – error src0057: Expecting 'EndIf' command to close the 'If' block (Web Panel 'General.Calculadora' Events, Line: 253, Char: 2, , Details, )
2025-04-08 15:04:00,721: INFO  – ---> Command: Save - Elapsed time: 00:00:00.0958077
2025-04-08 15:04:06,147: INFO  – ---> Command: Save - Elapsed time: 00:00:00.4014577
2025-04-08 15:04:10,887: INFO  – ---> Command: BuildSelectedObjectOnly - Elapsed time: 00:00:00.0056694
2025-04-08 15:04:20,082: INFO  – ---> Command: BuildCommandWrapperUI - Elapsed time: 00:00:09.1922530
2025-04-08 15:08:03,686: INFO  – ---> Command: Delete - Elapsed time: 00:00:00.0053886
2025-04-08 15:08:05,322: INFO  – ---> Command: Save - Elapsed time: 00:00:00.4178990
2025-04-08 15:08:14,664: INFO  – ---> Command: BuildSelectedObjectOnly - Elapsed time: 00:00:00.0065809
2025-04-08 15:08:24,262: INFO  – ---> Command: BuildCommandWrapperUI - Elapsed time: 00:00:09.5876101
2025-04-08 15:09:43,265: INFO  – ---> Command: Save - Elapsed time: 00:00:00.4168309
2025-04-08 15:09:51,439: INFO  – ---> Command: BuildSelectedObjectOnly - Elapsed time: 00:00:00.0068762
2025-04-08 15:10:00,523: INFO  – ---> Command: BuildCommandWrapperUI - Elapsed time: 00:00:09.0764171
2025-04-08 15:10:45,540: INFO  – ---> Command: Undo - Elapsed time: 00:00:00.0188918
2025-04-08 15:10:46,263: INFO  – ---> Command: Undo - Elapsed time: 00:00:00.0060513
2025-04-08 15:10:46,631: INFO  – ---> Command: Undo - Elapsed time: 00:00:00.0064685
2025-04-08 15:10:47,211: INFO  – ---> Command: Undo - Elapsed time: 00:00:00.0056068
2025-04-08 15:10:47,647: INFO  – ---> Command: Undo - Elapsed time: 00:00:00.0060031
2025-04-08 15:10:48,015: INFO  – ---> Command: Undo - Elapsed time: 00:00:00.0061416
2025-04-08 15:10:48,350: INFO  – ---> Command: Undo - Elapsed time: 00:00:00.0057575
2025-04-08 15:10:48,602: INFO  – ---> Command: Undo - Elapsed time: 00:00:00.0179769
2025-04-08 15:10:50,350: INFO  – ---> Command: Redo - Elapsed time: 00:00:00.0057114
2025-04-08 15:10:52,665: INFO  – ---> Command: Redo - Elapsed time: 00:00:00.0169236
2025-04-08 15:10:53,470: INFO  – ---> Command: Redo - Elapsed time: 00:00:00.0056731
2025-04-08 15:10:53,983: INFO  – ---> Command: Undo - Elapsed time: 00:00:00.0060369
2025-04-08 15:10:54,319: INFO  – ---> Command: Undo - Elapsed time: 00:00:00.0061444
2025-04-08 15:10:55,654: INFO  – ---> Command: Save - Elapsed time: 00:00:00.4131494
2025-04-08 15:10:59,633: INFO  – ---> Command: BuildSelectedObjectOnly - Elapsed time: 00:00:00.0071105
2025-04-08 15:11:09,035: INFO  – ---> Command: BuildCommandWrapperUI - Elapsed time: 00:00:09.3903480
2025-04-08 15:11:39,769: INFO  – ---> Command: Find - Elapsed time: 00:00:00.1037601
2025-04-08 15:13:18,384: INFO  – ---> Command: Save - Elapsed time: 00:00:00.4072892
2025-04-08 15:13:29,371: INFO  – ---> Command: Copy - Elapsed time: 00:00:00.0018627
2025-04-08 15:13:33,068: INFO  – ---> Command: Paste - Elapsed time: 00:00:00.0122495
2025-04-08 15:13:37,230: INFO  – ---> Command: Delete - Elapsed time: 00:00:00.0048408
2025-04-08 15:13:37,412: INFO  – ---> Command: Delete - Elapsed time: 00:00:00.0030039
2025-04-08 15:13:37,572: INFO  – ---> Command: Delete - Elapsed time: 00:00:00.0030009
2025-04-08 15:13:38,399: INFO  – ---> Command: Save - Elapsed time: 00:00:00.3979594
2025-04-08 15:14:19,594: INFO  – ---> Command: Find - Elapsed time: 00:00:00.1052637
2025-04-08 15:17:30,679: INFO  – ---> Command: Delete - Elapsed time: 00:00:00.0058831
2025-04-08 15:17:31,677: INFO  – ---> Command: Undo - Elapsed time: 00:00:00.0053194
2025-04-08 15:18:57,404: INFO  – ---> Command: Delete - Elapsed time: 00:00:00.0032266
2025-04-08 15:19:03,823: INFO  – ---> Command: Delete - Elapsed time: 00:00:00.0064017
2025-04-08 15:19:08,815: ERROR – error src0053: '&' is an invalid character. (Web Panel 'General.Calculadora' Events, Line: 228, Char: 17, , Details, )
2025-04-08 15:19:08,815: ERROR – error src0057: Expecting 'EndIf' command to close the 'If' block (Web Panel 'General.Calculadora' Events, Line: 226, Char: 2, , Details, )
2025-04-08 15:19:08,816: INFO  – ---> Command: Save - Elapsed time: 00:00:00.0867868
2025-04-08 15:19:15,521: ERROR – error src0057: Expecting 'EndIf' command to close the 'If' block (Web Panel 'General.Calculadora' Events, Line: 226, Char: 2, , Details, )
2025-04-08 15:19:15,522: INFO  – ---> Command: Save - Elapsed time: 00:00:00.0813179
2025-04-08 15:19:24,896: INFO  – ---> Command: Save - Elapsed time: 00:00:00.3992623
2025-04-08 15:20:01,893: INFO  – ---> Command: Delete - Elapsed time: 00:00:00.0044906
2025-04-08 15:20:03,026: INFO  – ---> Command: Save - Elapsed time: 00:00:00.3934696
2025-04-08 15:20:34,690: INFO  – ---> Command: Copy - Elapsed time: 00:00:00.0021563
2025-04-08 15:20:41,440: INFO  – ---> Command: Paste - Elapsed time: 00:00:00.0155374
2025-04-08 15:23:13,577: INFO  – ---> Command: Save - Elapsed time: 00:00:00.4158555
2025-04-08 15:23:31,253: INFO  – ---> Command: Cut - Elapsed time: 00:00:00.0211342
2025-04-08 15:23:43,963: INFO  – ---> Command: Paste - Elapsed time: 00:00:00.0188610
2025-04-08 15:24:42,130: INFO  – ---> Command: Undo - Elapsed time: 00:00:00.0102812
2025-04-08 15:24:42,422: INFO  – ---> Command: Undo - Elapsed time: 00:00:00.0056111
2025-04-08 15:24:42,622: INFO  – ---> Command: Undo - Elapsed time: 00:00:00.0137215
2025-04-08 15:24:42,812: INFO  – ---> Command: Undo - Elapsed time: 00:00:00.0052284
2025-04-08 15:24:42,981: INFO  – ---> Command: Undo - Elapsed time: 00:00:00.0052015
2025-04-08 15:24:43,181: INFO  – ---> Command: Undo - Elapsed time: 00:00:00.0053204
2025-04-08 15:24:43,429: INFO  – ---> Command: Undo - Elapsed time: 00:00:00.0178575
2025-04-08 15:24:43,917: INFO  – ---> Command: Undo - Elapsed time: 00:00:00.0125541
2025-04-08 15:24:44,259: INFO  – ---> Command: Undo - Elapsed time: 00:00:00.0187782
2025-04-08 15:24:44,686: INFO  – ---> Command: Undo - Elapsed time: 00:00:00.0215940
2025-04-08 15:24:46,562: INFO  – ---> Command: Redo - Elapsed time: 00:00:00.0182521
2025-04-08 15:24:47,162: INFO  – ---> Command: Redo - Elapsed time: 00:00:00.0179727
2025-04-08 15:24:48,579: INFO  – ---> Command: Redo - Elapsed time: 00:00:00.0198160
2025-04-08 15:24:55,184: INFO  – ---> Command: Paste - Elapsed time: 00:00:00.0155960
2025-04-08 15:25:18,957: INFO  – ---> Command: Delete - Elapsed time: 00:00:00.0050083
2025-04-08 15:25:19,220: INFO  – ---> Command: Delete - Elapsed time: 00:00:00.0034062
2025-04-08 15:25:19,444: INFO  – ---> Command: Delete - Elapsed time: 00:00:00.0031665
2025-04-08 15:25:23,333: INFO  – ---> Command: Delete - Elapsed time: 00:00:00.0046526
2025-04-08 15:25:55,349: INFO  – ---> Command: Save - Elapsed time: 00:00:00.4286337
2025-04-08 15:26:15,620: INFO  – ---> Command: BuildSelectedObjectOnly - Elapsed time: 00:00:00.0034653
2025-04-08 15:26:29,593: INFO  – ---> Command: BuildCommandWrapperUI - Elapsed time: 00:00:13.9659463
2025-04-08 15:28:07,554: INFO  – ---> Command: Cut - Elapsed time: 00:00:00.0102457
2025-04-08 15:28:10,110: INFO  – ---> Command: Paste - Elapsed time: 00:00:00.0136350
2025-04-08 15:28:12,243: INFO  – ---> Command: Paste - Elapsed time: 00:00:00.0086585
2025-04-08 15:28:20,098: INFO  – ---> Command: Delete - Elapsed time: 00:00:00.0103520
2025-04-08 15:28:24,988: INFO  – ---> Command: Save - Elapsed time: 00:00:00.4277516
2025-04-08 15:28:29,298: INFO  – ---> Command: Copy - Elapsed time: 00:00:00.0020905
2025-04-08 15:29:48,779: INFO  – ---> Command: Undo - Elapsed time: 00:00:00.0276805
2025-04-08 15:29:49,149: INFO  – ---> Command: Undo - Elapsed time: 00:00:00.0293652
2025-04-08 15:29:50,613: INFO  – ---> Command: Redo - Elapsed time: 00:00:00.0131600
2025-04-08 15:29:51,189: INFO  – ---> Command: Redo - Elapsed time: 00:00:00.0285320
2025-04-08 15:29:52,538: INFO  – ---> Command: Undo - Elapsed time: 00:00:00.0092576
2025-04-08 15:39:21,130: INFO  – ---> Command: Copy - Elapsed time: 00:00:00.0022620
2025-04-08 15:39:23,968: INFO  – ---> Command: Paste - Elapsed time: 00:00:00.0079983
2025-04-08 15:39:27,576: INFO  – ---> Command: Paste - Elapsed time: 00:00:00.0076749
2025-04-08 15:39:30,487: INFO  – ---> Command: Paste - Elapsed time: 00:00:00.0071376
2025-04-08 15:39:31,279: INFO  – ---> Command: Save - Elapsed time: 00:00:00.4071532
2025-04-08 15:39:42,134: INFO  – ---> Command: Paste - Elapsed time: 00:00:00.0069631
2025-04-08 15:39:45,271: INFO  – ---> Command: Paste - Elapsed time: 00:00:00.0069400
2025-04-08 15:39:48,130: INFO  – ---> Command: Save - Elapsed time: 00:00:00.4105267
2025-04-08 15:39:49,773: INFO  – ---> Command: BuildSelectedObjectOnly - Elapsed time: 00:00:00.0054796
2025-04-08 15:40:01,955: INFO  – ---> Command: BuildCommandWrapperUI - Elapsed time: 00:00:12.1781245
2025-04-08 15:47:19,473: INFO  – ---> Command: Undo - Elapsed time: 00:00:00.0097562
2025-04-08 15:47:19,885: INFO  – ---> Command: Undo - Elapsed time: 00:00:00.0055894
2025-04-08 15:47:20,189: INFO  – ---> Command: Undo - Elapsed time: 00:00:00.0055058
2025-04-08 15:47:20,693: INFO  – ---> Command: Undo - Elapsed time: 00:00:00.0058143
2025-04-08 15:47:20,723: INFO  – ---> Command: Undo - Elapsed time: 00:00:00.0056628
2025-04-08 15:47:20,770: INFO  – ---> Command: Undo - Elapsed time: 00:00:00.0055729
2025-04-08 15:47:20,801: INFO  – ---> Command: Undo - Elapsed time: 00:00:00.0057250
2025-04-08 15:47:20,832: INFO  – ---> Command: Undo - Elapsed time: 00:00:00.0060179
2025-04-08 15:47:20,864: INFO  – ---> Command: Undo - Elapsed time: 00:00:00.0058465
2025-04-08 15:47:20,895: INFO  – ---> Command: Undo - Elapsed time: 00:00:00.0055051
2025-04-08 15:47:20,926: INFO  – ---> Command: Undo - Elapsed time: 00:00:00.0059947
2025-04-08 15:47:20,960: INFO  – ---> Command: Undo - Elapsed time: 00:00:00.0082368
2025-04-08 15:47:20,989: INFO  – ---> Command: Undo - Elapsed time: 00:00:00.0058976
2025-04-08 15:47:21,021: INFO  – ---> Command: Undo - Elapsed time: 00:00:00.0058499
2025-04-08 15:47:21,269: INFO  – ---> Command: Undo - Elapsed time: 00:00:00.0058112
2025-04-08 15:47:21,589: INFO  – ---> Command: Undo - Elapsed time: 00:00:00.0056803
2025-04-08 15:47:22,117: INFO  – ---> Command: Undo - Elapsed time: 00:00:00.0062573
2025-04-08 15:47:22,633: INFO  – ---> Command: Undo - Elapsed time: 00:00:00.0059167
2025-04-08 15:47:22,665: INFO  – ---> Command: Undo - Elapsed time: 00:00:00.0062711
2025-04-08 15:47:22,695: INFO  – ---> Command: Undo - Elapsed time: 00:00:00.0057258
2025-04-08 15:47:22,727: INFO  – ---> Command: Undo - Elapsed time: 00:00:00.0060431
2025-04-08 15:47:22,757: INFO  – ---> Command: Undo - Elapsed time: 00:00:00.0060787
2025-04-08 15:47:22,788: INFO  – ---> Command: Undo - Elapsed time: 00:00:00.0056739
2025-04-08 15:47:22,819: INFO  – ---> Command: Undo - Elapsed time: 00:00:00.0057107
2025-04-08 15:47:22,852: INFO  – ---> Command: Undo - Elapsed time: 00:00:00.0060980
2025-04-08 15:47:23,285: INFO  – ---> Command: Undo - Elapsed time: 00:00:00.0057733
2025-04-08 15:47:23,582: INFO  – ---> Command: Undo - Elapsed time: 00:00:00.0060390
2025-04-08 15:47:23,982: INFO  – ---> Command: Undo - Elapsed time: 00:00:00.0064107
2025-04-08 15:47:24,487: INFO  – ---> Command: Undo - Elapsed time: 00:00:00.0059200
2025-04-08 15:47:24,519: INFO  – ---> Command: Undo - Elapsed time: 00:00:00.0063228
2025-04-08 15:47:24,550: INFO  – ---> Command: Undo - Elapsed time: 00:00:00.0058350
2025-04-08 15:47:24,581: INFO  – ---> Command: Undo - Elapsed time: 00:00:00.0056852
2025-04-08 15:47:24,629: INFO  – ---> Command: Undo - Elapsed time: 00:00:00.0067671
2025-04-08 15:47:25,039: INFO  – ---> Command: Undo - Elapsed time: 00:00:00.0070313
2025-04-08 15:47:25,455: INFO  – ---> Command: Undo - Elapsed time: 00:00:00.0069390
2025-04-08 15:47:26,115: INFO  – ---> Command: Undo - Elapsed time: 00:00:00.0194515
2025-04-08 15:47:26,999: INFO  – ---> Command: Undo - Elapsed time: 00:00:00.0230323
2025-04-08 15:47:29,111: INFO  – ---> Command: Redo - Elapsed time: 00:00:00.0072772
2025-04-08 15:47:32,325: INFO  – ---> Command: Save - Elapsed time: 00:00:00.4134873
2025-04-08 15:49:55,751: INFO  – ---> Command: Undo - Elapsed time: 00:00:00.0072370
2025-04-08 15:49:56,111: INFO  – ---> Command: Undo - Elapsed time: 00:00:00.0070731
2025-04-08 15:49:56,391: INFO  – ---> Command: Undo - Elapsed time: 00:00:00.0070668
2025-04-08 15:49:56,903: INFO  – ---> Command: Undo - Elapsed time: 00:00:00.0067738
2025-04-08 15:49:57,151: INFO  – ---> Command: Undo - Elapsed time: 00:00:00.0073948
2025-04-08 15:49:57,438: INFO  – ---> Command: Undo - Elapsed time: 00:00:00.0067493
2025-04-08 15:49:57,718: INFO  – ---> Command: Undo - Elapsed time: 00:00:00.0066850
2025-04-08 15:49:58,326: INFO  – ---> Command: Undo - Elapsed time: 00:00:00.0069823
2025-04-08 15:49:58,828: INFO  – ---> Command: Undo - Elapsed time: 00:00:00.0067807
2025-04-08 15:49:58,860: INFO  – ---> Command: Undo - Elapsed time: 00:00:00.0070666
2025-04-08 15:49:58,907: INFO  – ---> Command: Undo - Elapsed time: 00:00:00.0065627
2025-04-08 15:49:58,940: INFO  – ---> Command: Undo - Elapsed time: 00:00:00.0076501
2025-04-08 15:49:58,969: INFO  – ---> Command: Undo - Elapsed time: 00:00:00.0070109
2025-04-08 15:49:59,000: INFO  – ---> Command: Undo - Elapsed time: 00:00:00.0066956
2025-04-08 15:49:59,286: INFO  – ---> Command: Undo - Elapsed time: 00:00:00.0068464
2025-04-08 15:49:59,511: INFO  – ---> Command: Undo - Elapsed time: 00:00:00.0068235
2025-04-08 15:49:59,711: INFO  – ---> Command: Undo - Elapsed time: 00:00:00.0069072
2025-04-08 15:49:59,894: INFO  – ---> Command: Undo - Elapsed time: 00:00:00.0066703
2025-04-08 15:50:00,086: INFO  – ---> Command: Undo - Elapsed time: 00:00:00.0069080
2025-04-08 15:50:00,254: INFO  – ---> Command: Undo - Elapsed time: 00:00:00.0069123
2025-04-08 15:50:00,447: INFO  – ---> Command: Undo - Elapsed time: 00:00:00.0069637
2025-04-08 15:50:00,959: INFO  – ---> Command: Undo - Elapsed time: 00:00:00.0067901
2025-04-08 15:50:00,992: INFO  – ---> Command: Undo - Elapsed time: 00:00:00.0070901
2025-04-08 15:50:01,035: INFO  – ---> Command: Undo - Elapsed time: 00:00:00.0207149
2025-04-08 15:50:01,066: INFO  – ---> Command: Undo - Elapsed time: 00:00:00.0197981
2025-04-08 15:50:02,414: INFO  – ---> Command: Redo - Elapsed time: 00:00:00.0071992
2025-04-08 15:51:10,150: INFO  – ---> Command: Save - Elapsed time: 00:00:00.4548666
2025-04-08 15:52:14,697: INFO  – ---> Command: Save - Elapsed time: 00:00:00.4172200
2025-04-08 15:52:25,073: INFO  – ---> Command: Copy - Elapsed time: 00:00:00.0022402
2025-04-08 15:55:48,537: ERROR – error src0057: Expecting 'EndIf' command to close the 'If' block (Web Panel 'General.Calculadora' Events, Line: 258, Char: 1, , Details, )
2025-04-08 15:55:48,537: INFO  – ---> Command: Save - Elapsed time: 00:00:00.0975359
2025-04-08 15:55:55,310: INFO  – ---> Command: Save - Elapsed time: 00:00:00.4148639
2025-04-08 15:55:59,501: INFO  – ---> Command: Cut - Elapsed time: 00:00:00.0218981
2025-04-08 15:56:02,496: INFO  – ---> Command: Paste - Elapsed time: 00:00:00.0097723
2025-04-08 15:56:03,984: INFO  – ---> Command: Save - Elapsed time: 00:00:00.4171218
2025-04-08 15:56:06,234: INFO  – ---> Command: Save - Elapsed time: 00:00:00.4109641
2025-04-08 15:56:11,240: ERROR – error src0256: Expecting assignment expression, e.g. 'break = <value>' (Web Panel 'General.Calculadora' Events, Line: 257, Char: 3, , Details, )
2025-04-08 15:56:11,241: ERROR – error src0265: Invalid attribute 'break' (Web Panel 'General.Calculadora' Events, Line: 257, Char: 3, , Details, )
2025-04-08 15:56:11,241: INFO  – ---> Command: Save - Elapsed time: 00:00:00.1296273
2025-04-08 15:56:21,661: INFO  – ---> Command: Save - Elapsed time: 00:00:00.3975490
2025-04-08 15:58:04,453: INFO  – ---> Command: BuildSelectedObjectOnly - Elapsed time: 00:00:00.0042557
2025-04-08 15:58:18,888: INFO  – ---> Command: BuildCommandWrapperUI - Elapsed time: 00:00:14.4310346
2025-04-08 16:01:01,192: INFO  – ---> Command: Save - Elapsed time: 00:00:00.4008156
2025-04-08 16:01:44,270: INFO  – ---> Command: Save - Elapsed time: 00:00:00.3987754
2025-04-08 16:01:51,024: INFO  – ---> Command: BuildSelectedObjectOnly - Elapsed time: 00:00:00.0053383
2025-04-08 16:02:01,057: INFO  – ---> Command: BuildCommandWrapperUI - Elapsed time: 00:00:10.0308640
2025-04-08 16:03:06,600: INFO  – ---> Command: Save - Elapsed time: 00:00:00.4417234
2025-04-08 16:03:26,737: INFO  – ---> Command: Save - Elapsed time: 00:00:00.4098642
2025-04-08 16:05:01,135: INFO  – ---> Command: BuildSelectedObjectOnly - Elapsed time: 00:00:00.0052448
2025-04-08 16:05:10,717: INFO  – ---> Command: BuildCommandWrapperUI - Elapsed time: 00:00:09.5806863
2025-04-08 16:07:38,640: INFO  – ---> Command: Save - Elapsed time: 00:00:00.4257607
2025-04-08 16:08:44,222: INFO  – ---> Command: Delete - Elapsed time: 00:00:00.0071577
2025-04-08 16:08:48,570: ERROR – error src0265: Invalid attribute 'auxResultado' (Web Panel 'General.Calculadora' Events, Line: 48, Char: 7, , Details, )
2025-04-08 16:08:48,571: INFO  – ---> Command: Save - Elapsed time: 00:00:00.1317796
2025-04-08 16:08:54,430: INFO  – ---> Command: Save - Elapsed time: 00:00:00.4147689
2025-04-08 16:08:56,916: INFO  – ---> Command: BuildSelectedObjectOnly - Elapsed time: 00:00:00.0042753
2025-04-08 16:09:07,123: INFO  – ---> Command: BuildCommandWrapperUI - Elapsed time: 00:00:10.2003926
2025-04-08 16:09:27,016: INFO  – ---> Command: Cut - Elapsed time: 00:00:00.0338462
2025-04-08 16:09:45,513: INFO  – ---> Command: Paste - Elapsed time: 00:00:00.0100379
2025-04-08 16:09:46,407: INFO  – ---> Command: Save - Elapsed time: 00:00:00.4250685
2025-04-08 16:09:50,991: INFO  – ---> Command: BuildSelectedObjectOnly - Elapsed time: 00:00:00.0087551
2025-04-08 16:10:00,471: INFO  – ---> Command: BuildCommandWrapperUI - Elapsed time: 00:00:09.4718591
2025-04-08 16:10:22,401: INFO  – ---> Command: Paste - Elapsed time: 00:00:00.0101696
2025-04-08 16:10:23,168: INFO  – ---> Command: Save - Elapsed time: 00:00:00.4182041
2025-04-08 16:10:25,221: INFO  – ---> Command: BuildSelectedObjectOnly - Elapsed time: 00:00:00.0070170
2025-04-08 16:10:34,790: INFO  – ---> Command: BuildCommandWrapperUI - Elapsed time: 00:00:09.5546177
2025-04-08 16:11:25,580: INFO  – ---> Command: Delete - Elapsed time: 00:00:00.0051169
2025-04-08 16:11:34,424: INFO  – ---> Command: Save - Elapsed time: 00:00:00.4569638
2025-04-08 16:11:40,296: INFO  – ---> Command: BuildSelectedObjectOnly - Elapsed time: 00:00:00.0087596
2025-04-08 16:11:49,762: INFO  – ---> Command: BuildCommandWrapperUI - Elapsed time: 00:00:09.4577481
2025-04-08 16:13:09,806: ERROR – error src0052: Unexpected command 'endfor' (Web Panel 'General.Calculadora' Events, Line: 309, Char: 2, , Details, )
2025-04-08 16:13:09,807: ERROR – error src0062: Expecting 'EndSub' command to close subroutine definition. (Web Panel 'General.Calculadora' Events, Line: 303, Char: 1, , Details, )
2025-04-08 16:13:09,807: ERROR – error src0054: '{0}' is an unexpected expression. (Web Panel 'General.Calculadora' Events, Line: 310, Char: 5, , Details, )
2025-04-08 16:13:09,807: ERROR – error src0054: '{0}' is an unexpected expression. (Web Panel 'General.Calculadora' Events, Line: 310, Char: 20, , Details, )
2025-04-08 16:13:09,808: ERROR – error src0054: '{0}' is an unexpected expression. (Web Panel 'General.Calculadora' Events, Line: 311, Char: 5, , Details, )
2025-04-08 16:13:09,808: ERROR – error src0054: '{0}' is an unexpected expression. (Web Panel 'General.Calculadora' Events, Line: 312, Char: 4, , Details, )
2025-04-08 16:13:09,809: ERROR – error src0052: Unexpected command 'endif' (Web Panel 'General.Calculadora' Events, Line: 313, Char: 3, , Details, )
2025-04-08 16:13:09,810: ERROR – error src0052: Unexpected command 'endfor' (Web Panel 'General.Calculadora' Events, Line: 314, Char: 2, , Details, )
2025-04-08 16:13:09,810: ERROR – error src0054: '{0}' is an unexpected expression. (Web Panel 'General.Calculadora' Events, Line: 316, Char: 4, , Details, )
2025-04-08 16:13:09,811: ERROR – error src0054: '{0}' is an unexpected expression. (Web Panel 'General.Calculadora' Events, Line: 317, Char: 3, , Details, )
2025-04-08 16:13:09,811: ERROR – error src0052: Unexpected command 'endif' (Web Panel 'General.Calculadora' Events, Line: 318, Char: 2, , Details, )
2025-04-08 16:13:09,811: ERROR – error src0054: '{0}' is an unexpected expression. (Web Panel 'General.Calculadora' Events, Line: 320, Char: 4, , Details, )
2025-04-08 16:13:09,812: ERROR – error src0054: '{0}' is an unexpected expression. (Web Panel 'General.Calculadora' Events, Line: 321, Char: 3, , Details, )
2025-04-08 16:13:09,812: ERROR – error src0052: Unexpected command 'endif' (Web Panel 'General.Calculadora' Events, Line: 322, Char: 2, , Details, )
2025-04-08 16:13:09,812: ERROR – error src0086: This code must be inside an 'Event' or 'Subroutine' definition. (Web Panel 'General.Calculadora' Events, Line: 324, Char: 7, , Details, )
2025-04-08 16:13:09,813: INFO  – ---> Command: Save - Elapsed time: 00:00:00.1119759
2025-04-08 16:13:16,148: INFO  – ---> Command: Save - Elapsed time: 00:00:00.4607522
2025-04-08 16:13:19,762: INFO  – ---> Command: BuildSelectedObjectOnly - Elapsed time: 00:00:00.0034831
2025-04-08 16:13:29,326: INFO  – ---> Command: BuildCommandWrapperUI - Elapsed time: 00:00:09.5588280
2025-04-08 16:13:50,923: INFO  – ---> Command: Undo - Elapsed time: 00:00:00.0286025
2025-04-08 16:13:51,359: INFO  – ---> Command: Undo - Elapsed time: 00:00:00.0089717
2025-04-08 16:13:51,715: INFO  – ---> Command: Undo - Elapsed time: 00:00:00.0047639
2025-04-08 16:13:52,011: INFO  – ---> Command: Undo - Elapsed time: 00:00:00.0048950
2025-04-08 16:13:52,243: INFO  – ---> Command: Undo - Elapsed time: 00:00:00.0041974
2025-04-08 16:13:52,452: INFO  – ---> Command: Undo - Elapsed time: 00:00:00.0050463
2025-04-08 16:13:52,660: INFO  – ---> Command: Undo - Elapsed time: 00:00:00.0048172
2025-04-08 16:13:52,860: INFO  – ---> Command: Undo - Elapsed time: 00:00:00.0046150
2025-04-08 16:13:53,372: INFO  – ---> Command: Undo - Elapsed time: 00:00:00.0140283
2025-04-08 16:13:53,396: INFO  – ---> Command: Undo - Elapsed time: 00:00:00.0054786
2025-04-08 16:13:53,427: INFO  – ---> Command: Undo - Elapsed time: 00:00:00.0057388
2025-04-08 16:13:54,922: INFO  – ---> Command: Redo - Elapsed time: 00:00:00.0113829
2025-04-08 16:13:55,135: INFO  – ---> Command: Redo - Elapsed time: 00:00:00.0080516
2025-04-08 16:13:55,341: INFO  – ---> Command: Redo - Elapsed time: 00:00:00.0141344
2025-04-08 16:13:55,936: INFO  – ---> Command: Redo - Elapsed time: 00:00:00.0087233
2025-04-08 16:13:56,226: INFO  – ---> Command: Redo - Elapsed time: 00:00:00.0046218
2025-04-08 16:13:56,652: INFO  – ---> Command: Redo - Elapsed time: 00:00:00.0057855
2025-04-08 16:13:57,019: INFO  – ---> Command: Redo - Elapsed time: 00:00:00.0048661
2025-04-08 16:13:57,363: INFO  – ---> Command: Redo - Elapsed time: 00:00:00.0044726
2025-04-08 16:13:57,732: INFO  – ---> Command: Redo - Elapsed time: 00:00:00.0048416
2025-04-08 16:13:58,172: INFO  – ---> Command: Redo - Elapsed time: 00:00:00.0048047
2025-04-08 16:14:12,949: INFO  – ---> Command: Save - Elapsed time: 00:00:00.4298205
2025-04-08 16:14:25,745: ERROR – error src0052: Unexpected command 'endif' (Web Panel 'General.Calculadora' Events, Line: 277, Char: 2, , Details, )
2025-04-08 16:14:25,745: INFO  – ---> Command: Save - Elapsed time: 00:00:00.0908316
2025-04-08 16:14:33,605: INFO  – ---> Command: Save - Elapsed time: 00:00:00.3981800
2025-04-08 16:14:37,186: INFO  – ---> Command: BuildSelectedObjectOnly - Elapsed time: 00:00:00.0031314
2025-04-08 16:14:46,610: INFO  – ---> Command: BuildCommandWrapperUI - Elapsed time: 00:00:09.4176360
2025-04-08 16:15:30,200: INFO  – ---> Command: Copy - Elapsed time: 00:00:00.0017573
2025-04-08 16:16:24,323: INFO  – ---> Command: Save - Elapsed time: 00:00:00.5080978
2025-04-08 16:16:28,039: INFO  – ---> Command: BuildSelectedObjectOnly - Elapsed time: 00:00:00.0095588
2025-04-08 16:16:37,950: INFO  – ---> Command: BuildCommandWrapperUI - Elapsed time: 00:00:09.8748561
2025-04-08 16:18:02,273: INFO  – ---> Command: Copy - Elapsed time: 00:00:00.0020228
2025-04-08 16:18:06,984: INFO  – ---> Command: Paste - Elapsed time: 00:00:00.0252232
2025-04-08 16:18:18,312: INFO  – ---> Command: Undo - Elapsed time: 00:00:00.0091860
2025-04-08 16:18:18,564: INFO  – ---> Command: Undo - Elapsed time: 00:00:00.0058078
2025-04-08 16:18:18,778: INFO  – ---> Command: Undo - Elapsed time: 00:00:00.0056861
2025-04-08 16:18:19,164: INFO  – ---> Command: Undo - Elapsed time: 00:00:00.0058264
2025-04-08 16:18:19,444: INFO  – ---> Command: Undo - Elapsed time: 00:00:00.0059749
2025-04-08 16:18:19,665: INFO  – ---> Command: Undo - Elapsed time: 00:00:00.0185742
2025-04-08 16:18:19,881: INFO  – ---> Command: Undo - Elapsed time: 00:00:00.0185245
2025-04-08 16:18:21,682: INFO  – ---> Command: Redo - Elapsed time: 00:00:00.0107849
2025-04-08 16:18:23,795: INFO  – ---> Command: Redo - Elapsed time: 00:00:00.0289640
2025-04-08 16:18:25,505: INFO  – ---> Command: Undo - Elapsed time: 00:00:00.0108809
2025-04-08 16:18:25,769: INFO  – ---> Command: Undo - Elapsed time: 00:00:00.0191596
2025-04-08 16:18:25,956: INFO  – ---> Command: Undo - Elapsed time: 00:00:00.0055965
2025-04-08 16:18:26,564: INFO  – ---> Command: Undo - Elapsed time: 00:00:00.0055123
2025-04-08 16:18:26,899: INFO  – ---> Command: Undo - Elapsed time: 00:00:00.0051310
2025-04-08 16:18:27,140: INFO  – ---> Command: Undo - Elapsed time: 00:00:00.0057325
2025-04-08 16:18:27,371: INFO  – ---> Command: Undo - Elapsed time: 00:00:00.0054838
2025-04-08 16:18:27,628: INFO  – ---> Command: Undo - Elapsed time: 00:00:00.0055574
2025-04-08 16:18:27,859: INFO  – ---> Command: Undo - Elapsed time: 00:00:00.0056003
2025-04-08 16:18:28,100: INFO  – ---> Command: Undo - Elapsed time: 00:00:00.0056931
2025-04-08 16:18:33,383: INFO  – ---> Command: Save - Elapsed time: 00:00:00.4886755
2025-04-08 16:20:42,493: INFO  – ---> Command: Delete - Elapsed time: 00:00:00.0058181
2025-04-08 16:20:44,885: INFO  – ---> Command: Save - Elapsed time: 00:00:00.5025936
2025-04-08 16:20:47,755: INFO  – ---> Command: BuildSelectedObjectOnly - Elapsed time: 00:00:00.0034010
2025-04-08 16:20:57,328: INFO  – ---> Command: BuildCommandWrapperUI - Elapsed time: 00:00:09.5534278
2025-04-08 16:21:13,042: INFO  – ---> Command: Undo - Elapsed time: 00:00:00.0193399
2025-04-08 16:21:13,619: INFO  – ---> Command: Undo - Elapsed time: 00:00:00.0056514
2025-04-08 16:21:13,948: INFO  – ---> Command: Undo - Elapsed time: 00:00:00.0053064
2025-04-08 16:21:14,180: INFO  – ---> Command: Undo - Elapsed time: 00:00:00.0057652
2025-04-08 16:21:14,403: INFO  – ---> Command: Undo - Elapsed time: 00:00:00.0053912
2025-04-08 16:21:15,523: INFO  – ---> Command: Save - Elapsed time: 00:00:00.4212441
2025-04-08 16:22:16,932: INFO  – ---> Command: BuildSelectedObjectOnly - Elapsed time: 00:00:00.0039506
2025-04-08 16:22:26,782: INFO  – ---> Command: BuildCommandWrapperUI - Elapsed time: 00:00:09.8400575
2025-04-08 16:25:46,112: INFO  – ---> Command: Copy - Elapsed time: 00:00:00.0022951
2025-04-08 16:25:49,043: INFO  – ---> Command: Paste - Elapsed time: 00:00:00.0112316
2025-04-08 16:26:00,481: INFO  – ---> Command: Undo - Elapsed time: 00:00:00.0101903
2025-04-08 16:26:53,356: INFO  – ---> Command: Save - Elapsed time: 00:00:00.4858421
2025-04-08 16:26:56,343: INFO  – ---> Command: BuildSelectedObjectOnly - Elapsed time: 00:00:00.0076913
2025-04-08 16:27:06,064: INFO  – ---> Command: BuildCommandWrapperUI - Elapsed time: 00:00:09.7079752
2025-04-08 16:27:15,601: INFO  – ---> Command: Undo - Elapsed time: 00:00:00.0192921
2025-04-08 16:27:16,598: INFO  – ---> Command: Save - Elapsed time: 00:00:00.4159134
2025-04-08 16:28:14,492: INFO  – ---> Command: Save - Elapsed time: 00:00:00.4621386
2025-04-08 16:28:31,286: INFO  – ---> Command: Undo - Elapsed time: 00:00:00.0321196
2025-04-08 16:29:47,116: INFO  – ---> Command: Delete - Elapsed time: 00:00:00.0055126
2025-04-08 16:29:49,137: INFO  – ---> Command: Save - Elapsed time: 00:00:00.4516024
2025-04-08 16:29:52,467: INFO  – ---> Command: BuildSelectedObjectOnly - Elapsed time: 00:00:00.0051704
2025-04-08 16:30:01,971: INFO  – ---> Command: BuildCommandWrapperUI - Elapsed time: 00:00:09.4999058
2025-04-08 16:30:08,138: INFO  – ---> Command: Undo - Elapsed time: 00:00:00.0207645
2025-04-08 16:30:08,484: INFO  – ---> Command: Undo - Elapsed time: 00:00:00.0060078
2025-04-08 16:30:08,817: INFO  – ---> Command: Undo - Elapsed time: 00:00:00.0119959
2025-04-08 16:30:09,140: INFO  – ---> Command: Undo - Elapsed time: 00:00:00.0062870
2025-04-08 16:30:09,849: INFO  – ---> Command: Undo - Elapsed time: 00:00:00.0109375
2025-04-08 16:30:10,973: INFO  – ---> Command: Save - Elapsed time: 00:00:00.4396168
2025-04-08 16:31:26,476: INFO  – ---> Command: Delete - Elapsed time: 00:00:00.0055602
2025-04-08 16:32:11,971: INFO  – ---> Command: Delete - Elapsed time: 00:00:00.0050482
2025-04-08 16:32:13,248: INFO  – ---> Command: Delete - Elapsed time: 00:00:00.0031130
2025-04-08 16:32:17,668: INFO  – ---> Command: AddVariable - Elapsed time: 00:00:00.0332199
2025-04-08 16:33:45,731: INFO  – ---> Command: Delete - Elapsed time: 00:00:00.0045786
2025-04-08 16:34:04,420: INFO  – ---> Command: Undo - Elapsed time: 00:00:00.0058287
2025-04-08 16:34:04,820: INFO  – ---> Command: Undo - Elapsed time: 00:00:00.0063388
2025-04-08 16:34:05,140: INFO  – ---> Command: Undo - Elapsed time: 00:00:00.0067586
2025-04-08 16:34:05,372: INFO  – ---> Command: Undo - Elapsed time: 00:00:00.0063850
2025-04-08 16:34:05,568: INFO  – ---> Command: Undo - Elapsed time: 00:00:00.0070466
2025-04-08 16:34:05,764: INFO  – ---> Command: Undo - Elapsed time: 00:00:00.0061072
2025-04-08 16:34:05,971: INFO  – ---> Command: Undo - Elapsed time: 00:00:00.0058981
2025-04-08 16:34:06,163: INFO  – ---> Command: Undo - Elapsed time: 00:00:00.0059761
2025-04-08 16:34:06,372: INFO  – ---> Command: Undo - Elapsed time: 00:00:00.0067891
2025-04-08 16:34:06,557: INFO  – ---> Command: Undo - Elapsed time: 00:00:00.0063275
2025-04-08 16:34:06,725: INFO  – ---> Command: Undo - Elapsed time: 00:00:00.0080019
2025-04-08 16:34:06,923: INFO  – ---> Command: Undo - Elapsed time: 00:00:00.0059699
2025-04-08 16:34:07,574: INFO  – ---> Command: Undo - Elapsed time: 00:00:00.0070028
2025-04-08 16:34:07,971: INFO  – ---> Command: Undo - Elapsed time: 00:00:00.0056695
2025-04-08 16:34:08,435: INFO  – ---> Command: Undo - Elapsed time: 00:00:00.0059166
2025-04-08 16:34:10,615: INFO  – ---> Command: Delete - Elapsed time: 00:00:00.0028814
2025-04-08 16:34:45,793: INFO  – ---> Command: Save - Elapsed time: 00:00:00.5147271
2025-04-08 16:35:30,172: INFO  – ---> Command: Delete - Elapsed time: 00:00:00.0067305
2025-04-08 16:37:05,923: INFO  – ---> Command: Undo - Elapsed time: 00:00:00.0048205
2025-04-08 16:37:06,323: INFO  – ---> Command: Undo - Elapsed time: 00:00:00.0048427
2025-04-08 16:37:07,993: INFO  – ---> Command: Save - Elapsed time: 00:00:00.5473516
2025-04-08 16:37:11,541: INFO  – ---> Command: BuildSelectedObjectOnly - Elapsed time: 00:00:00.0058527
2025-04-08 16:37:21,214: INFO  – ---> Command: BuildCommandWrapperUI - Elapsed time: 00:00:09.6691966
2025-04-08 16:38:40,683: INFO  – ---> Command: Redo - Elapsed time: 00:00:00.0060565
2025-04-08 16:38:45,931: INFO  – ---> Command: Undo - Elapsed time: 00:00:00.0055884
2025-04-08 16:39:25,378: INFO  – ---> Command: AddVariable - Elapsed time: 00:00:00.0059589
2025-04-08 16:39:44,080: INFO  – ---> Command: Save - Elapsed time: 00:00:00.5778479
2025-04-08 16:39:56,383: INFO  – ---> Command: Save - Elapsed time: 00:00:00.3925669
2025-04-08 16:39:58,657: INFO  – ---> Command: BuildSelectedObjectOnly - Elapsed time: 00:00:00.0030545
2025-04-08 16:40:08,402: INFO  – ---> Command: BuildCommandWrapperUI - Elapsed time: 00:00:09.7286951
2025-04-08 16:40:48,987: INFO  – ---> Command: Save - Elapsed time: 00:00:00.5097248
2025-04-08 16:40:52,827: INFO  – ---> Command: BuildSelectedObjectOnly - Elapsed time: 00:00:00.0052983
2025-04-08 16:41:02,335: INFO  – ---> Command: BuildCommandWrapperUI - Elapsed time: 00:00:09.4987596
2025-04-08 16:43:35,327: INFO  – ---> Command: Save - Elapsed time: 00:00:00.4734946
2025-04-08 16:43:39,390: INFO  – ---> Command: BuildSelectedObjectOnly - Elapsed time: 00:00:00.0085578
2025-04-08 16:43:48,827: INFO  – ---> Command: BuildCommandWrapperUI - Elapsed time: 00:00:09.4270996
2025-04-08 16:44:23,307: INFO  – ---> Command: Save - Elapsed time: 00:00:00.5014655
2025-04-08 16:44:27,240: INFO  – ---> Command: BuildSelectedObjectOnly - Elapsed time: 00:00:00.0092077
2025-04-08 16:44:36,344: INFO  – ---> Command: BuildCommandWrapperUI - Elapsed time: 00:00:09.0946301
2025-04-08 16:44:56,762: INFO  – ---> Command: Save - Elapsed time: 00:00:00.4202025
2025-04-08 16:44:59,381: INFO  – ---> Command: BuildSelectedObjectOnly - Elapsed time: 00:00:00.0077212
2025-04-08 16:45:08,553: INFO  – ---> Command: BuildCommandWrapperUI - Elapsed time: 00:00:09.1587210
2025-04-08 16:45:24,554: INFO  – ---> Command: Undo - Elapsed time: 00:00:00.0206528
2025-04-08 16:45:25,045: INFO  – ---> Command: Undo - Elapsed time: 00:00:00.0079364
2025-04-08 16:45:25,084: INFO  – ---> Command: Undo - Elapsed time: 00:00:00.0059503
2025-04-08 16:45:25,108: INFO  – ---> Command: Undo - Elapsed time: 00:00:00.0074031
2025-04-08 16:45:25,155: INFO  – ---> Command: Undo - Elapsed time: 00:00:00.0066540
2025-04-08 16:45:25,185: INFO  – ---> Command: Undo - Elapsed time: 00:00:00.0061719
2025-04-08 16:45:25,218: INFO  – ---> Command: Undo - Elapsed time: 00:00:00.0066876
2025-04-08 16:45:25,250: INFO  – ---> Command: Undo - Elapsed time: 00:00:00.0067544
2025-04-08 16:45:25,280: INFO  – ---> Command: Undo - Elapsed time: 00:00:00.0064730
2025-04-08 16:45:25,311: INFO  – ---> Command: Undo - Elapsed time: 00:00:00.0065577
2025-04-08 16:45:25,344: INFO  – ---> Command: Undo - Elapsed time: 00:00:00.0063966
2025-04-08 16:45:25,375: INFO  – ---> Command: Undo - Elapsed time: 00:00:00.0067664
2025-04-08 16:45:25,406: INFO  – ---> Command: Undo - Elapsed time: 00:00:00.0066623
2025-04-08 16:45:25,437: INFO  – ---> Command: Undo - Elapsed time: 00:00:00.0067367
2025-04-08 16:45:25,484: INFO  – ---> Command: Undo - Elapsed time: 00:00:00.0064151
2025-04-08 16:45:25,515: INFO  – ---> Command: Undo - Elapsed time: 00:00:00.0068145
2025-04-08 16:45:25,545: INFO  – ---> Command: Undo - Elapsed time: 00:00:00.0060016
2025-04-08 16:45:25,594: INFO  – ---> Command: Undo - Elapsed time: 00:00:00.0226845
2025-04-08 16:45:25,633: INFO  – ---> Command: Undo - Elapsed time: 00:00:00.0248878
2025-04-08 16:45:25,647: INFO  – ---> Command: Undo - Elapsed time: 00:00:00.0124426
2025-04-08 16:45:25,670: INFO  – ---> Command: Undo - Elapsed time: 00:00:00.0062645
2025-04-08 16:45:25,701: INFO  – ---> Command: Undo - Elapsed time: 00:00:00.0063518
2025-04-08 16:45:25,762: INFO  – ---> Command: Undo - Elapsed time: 00:00:00.0209442
2025-04-08 16:45:25,785: INFO  – ---> Command: Undo - Elapsed time: 00:00:00.0122055
2025-04-08 16:45:25,810: INFO  – ---> Command: Undo - Elapsed time: 00:00:00.0055935
2025-04-08 16:45:25,841: INFO  – ---> Command: Undo - Elapsed time: 00:00:00.0057527
2025-04-08 16:45:27,594: INFO  – ---> Command: Undo - Elapsed time: 00:00:00.0055654
2025-04-08 16:45:28,099: INFO  – ---> Command: Undo - Elapsed time: 00:00:00.0052375
2025-04-08 16:45:28,134: INFO  – ---> Command: Undo - Elapsed time: 00:00:00.0086708
2025-04-08 16:45:28,167: INFO  – ---> Command: Undo - Elapsed time: 00:00:00.0102317
2025-04-08 16:45:28,209: INFO  – ---> Command: Undo - Elapsed time: 00:00:00.0055911
2025-04-08 16:45:28,240: INFO  – ---> Command: Undo - Elapsed time: 00:00:00.0053183
2025-04-08 16:45:28,275: INFO  – ---> Command: Undo - Elapsed time: 00:00:00.0083031
2025-04-08 16:45:28,304: INFO  – ---> Command: Undo - Elapsed time: 00:00:00.0057795
2025-04-08 16:45:28,334: INFO  – ---> Command: Undo - Elapsed time: 00:00:00.0055355
2025-04-08 16:45:28,653: INFO  – ---> Command: Undo - Elapsed time: 00:00:00.0056700
2025-04-08 16:45:29,045: INFO  – ---> Command: Undo - Elapsed time: 00:00:00.0068534
2025-04-08 16:45:29,363: INFO  – ---> Command: Undo - Elapsed time: 00:00:00.0054763
2025-04-08 16:45:29,603: INFO  – ---> Command: Undo - Elapsed time: 00:00:00.0058680
2025-04-08 16:45:29,779: INFO  – ---> Command: Undo - Elapsed time: 00:00:00.0058185
2025-04-08 16:45:29,963: INFO  – ---> Command: Undo - Elapsed time: 00:00:00.0056376
2025-04-08 16:45:30,139: INFO  – ---> Command: Undo - Elapsed time: 00:00:00.0058155
2025-04-08 16:45:30,379: INFO  – ---> Command: Undo - Elapsed time: 00:00:00.0054054
2025-04-08 16:45:30,716: INFO  – ---> Command: Undo - Elapsed time: 00:00:00.0070083
2025-04-08 16:45:31,092: INFO  – ---> Command: Undo - Elapsed time: 00:00:00.0059284
2025-04-08 16:45:31,475: INFO  – ---> Command: Undo - Elapsed time: 00:00:00.0056033
2025-04-08 16:45:31,834: INFO  – ---> Command: Undo - Elapsed time: 00:00:00.0048831
2025-04-08 16:46:06,492: INFO  – ---> Command: Undo - Elapsed time: 00:00:00.0061463
2025-04-08 16:46:06,998: INFO  – ---> Command: Undo - Elapsed time: 00:00:00.0061358
2025-04-08 16:46:07,028: INFO  – ---> Command: Undo - Elapsed time: 00:00:00.0063288
2025-04-08 16:46:07,061: INFO  – ---> Command: Undo - Elapsed time: 00:00:00.0067589
2025-04-08 16:46:07,092: INFO  – ---> Command: Undo - Elapsed time: 00:00:00.0068099
2025-04-08 16:46:07,140: INFO  – ---> Command: Undo - Elapsed time: 00:00:00.0068169
2025-04-08 16:46:07,171: INFO  – ---> Command: Undo - Elapsed time: 00:00:00.0062816
2025-04-08 16:46:07,201: INFO  – ---> Command: Undo - Elapsed time: 00:00:00.0061291
2025-04-08 16:46:07,232: INFO  – ---> Command: Undo - Elapsed time: 00:00:00.0055116
2025-04-08 16:46:07,265: INFO  – ---> Command: Undo - Elapsed time: 00:00:00.0080804
2025-04-08 16:46:07,293: INFO  – ---> Command: Undo - Elapsed time: 00:00:00.0064240
2025-04-08 16:46:07,324: INFO  – ---> Command: Undo - Elapsed time: 00:00:00.0061324
2025-04-08 16:46:07,355: INFO  – ---> Command: Undo - Elapsed time: 00:00:00.0054429
2025-04-08 16:46:07,403: INFO  – ---> Command: Undo - Elapsed time: 00:00:00.0076481
2025-04-08 16:46:07,431: INFO  – ---> Command: Undo - Elapsed time: 00:00:00.0056319
2025-04-08 16:46:07,462: INFO  – ---> Command: Undo - Elapsed time: 00:00:00.0051535
2025-04-08 16:46:07,493: INFO  – ---> Command: Undo - Elapsed time: 00:00:00.0051079
2025-04-08 16:46:07,534: INFO  – ---> Command: Undo - Elapsed time: 00:00:00.0136850
2025-04-08 16:46:07,565: INFO  – ---> Command: Undo - Elapsed time: 00:00:00.0147880
2025-04-08 16:46:07,591: INFO  – ---> Command: Undo - Elapsed time: 00:00:00.0090217
2025-04-08 16:46:07,620: INFO  – ---> Command: Undo - Elapsed time: 00:00:00.0065397
2025-04-08 16:46:07,666: INFO  – ---> Command: Undo - Elapsed time: 00:00:00.0055997
2025-04-08 16:46:07,698: INFO  – ---> Command: Undo - Elapsed time: 00:00:00.0054568
2025-04-08 16:46:07,729: INFO  – ---> Command: Undo - Elapsed time: 00:00:00.0056623
2025-04-08 16:46:07,769: INFO  – ---> Command: Undo - Elapsed time: 00:00:00.0144587
2025-04-08 16:46:07,792: INFO  – ---> Command: Undo - Elapsed time: 00:00:00.0064769
2025-04-08 16:46:07,824: INFO  – ---> Command: Undo - Elapsed time: 00:00:00.0061980
2025-04-08 16:46:07,855: INFO  – ---> Command: Undo - Elapsed time: 00:00:00.0063912
2025-04-08 16:46:07,884: INFO  – ---> Command: Undo - Elapsed time: 00:00:00.0057281
2025-04-08 16:46:07,917: INFO  – ---> Command: Undo - Elapsed time: 00:00:00.0064282
2025-04-08 16:46:07,962: INFO  – ---> Command: Undo - Elapsed time: 00:00:00.0059780
2025-04-08 16:46:07,994: INFO  – ---> Command: Undo - Elapsed time: 00:00:00.0059168
2025-04-08 16:46:08,026: INFO  – ---> Command: Undo - Elapsed time: 00:00:00.0060477
2025-04-08 16:46:08,057: INFO  – ---> Command: Undo - Elapsed time: 00:00:00.0061464
2025-04-08 16:46:08,087: INFO  – ---> Command: Undo - Elapsed time: 00:00:00.0059344
2025-04-08 16:46:08,119: INFO  – ---> Command: Undo - Elapsed time: 00:00:00.0064401
2025-04-08 16:46:08,148: INFO  – ---> Command: Undo - Elapsed time: 00:00:00.0056949
2025-04-08 16:46:08,180: INFO  – ---> Command: Undo - Elapsed time: 00:00:00.0059187
2025-04-08 16:46:08,225: INFO  – ---> Command: Undo - Elapsed time: 00:00:00.0176146
2025-04-08 16:46:08,260: INFO  – ---> Command: Undo - Elapsed time: 00:00:00.0059203
2025-04-08 16:46:08,292: INFO  – ---> Command: Undo - Elapsed time: 00:00:00.0061378
2025-04-08 16:46:08,322: INFO  – ---> Command: Undo - Elapsed time: 00:00:00.0062453
2025-04-08 16:46:08,359: INFO  – ---> Command: Undo - Elapsed time: 00:00:00.0071842
2025-04-08 16:46:08,388: INFO  – ---> Command: Undo - Elapsed time: 00:00:00.0094570
2025-04-08 16:46:08,417: INFO  – ---> Command: Undo - Elapsed time: 00:00:00.0052682
2025-04-08 16:46:08,447: INFO  – ---> Command: Undo - Elapsed time: 00:00:00.0053355
2025-04-08 16:46:08,478: INFO  – ---> Command: Undo - Elapsed time: 00:00:00.0057480
2025-04-08 16:46:08,510: INFO  – ---> Command: Undo - Elapsed time: 00:00:00.0056218
2025-04-08 16:46:08,556: INFO  – ---> Command: Undo - Elapsed time: 00:00:00.0054714
2025-04-08 16:46:08,587: INFO  – ---> Command: Undo - Elapsed time: 00:00:00.0054137
2025-04-08 16:46:08,618: INFO  – ---> Command: Undo - Elapsed time: 00:00:00.0049213
2025-04-08 16:46:08,648: INFO  – ---> Command: Undo - Elapsed time: 00:00:00.0049033
2025-04-08 16:46:08,681: INFO  – ---> Command: Undo - Elapsed time: 00:00:00.0055224
2025-04-08 16:46:08,710: INFO  – ---> Command: Undo - Elapsed time: 00:00:00.0055442
2025-04-08 16:46:08,743: INFO  – ---> Command: Undo - Elapsed time: 00:00:00.0054952
2025-04-08 16:46:08,775: INFO  – ---> Command: Undo - Elapsed time: 00:00:00.0061514
2025-04-08 16:46:08,822: INFO  – ---> Command: Undo - Elapsed time: 00:00:00.0059877
2025-04-08 16:46:08,852: INFO  – ---> Command: Undo - Elapsed time: 00:00:00.0055521
2025-04-08 16:46:08,884: INFO  – ---> Command: Undo - Elapsed time: 00:00:00.0054882
2025-04-08 16:46:11,830: WARN  – warning src0301: Wrong number of parameters: 'SplitRegEx' supports 1 parameters. (Web Panel 'General.Calculadora' Events, Line: 306, Char: 32, , Details, )
2025-04-08 16:46:11,830: INFO  – ---> Command: Save - Elapsed time: 00:00:00.5208579
2025-04-08 16:46:15,004: INFO  – ---> Command: Redo - Elapsed time: 00:00:00.0234705
2025-04-08 16:46:15,491: INFO  – ---> Command: Redo - Elapsed time: 00:00:00.0055093
2025-04-08 16:46:15,528: INFO  – ---> Command: Redo - Elapsed time: 00:00:00.0106628
2025-04-08 16:46:15,559: INFO  – ---> Command: Redo - Elapsed time: 00:00:00.0098901
2025-04-08 16:46:15,600: INFO  – ---> Command: Redo - Elapsed time: 00:00:00.0052739
2025-04-08 16:46:15,631: INFO  – ---> Command: Redo - Elapsed time: 00:00:00.0053378
2025-04-08 16:46:15,663: INFO  – ---> Command: Redo - Elapsed time: 00:00:00.0049702
2025-04-08 16:46:15,694: INFO  – ---> Command: Redo - Elapsed time: 00:00:00.0050096
2025-04-08 16:46:15,729: INFO  – ---> Command: Redo - Elapsed time: 00:00:00.0094761
2025-04-08 16:46:15,761: INFO  – ---> Command: Redo - Elapsed time: 00:00:00.0087335
2025-04-08 16:46:15,801: INFO  – ---> Command: Redo - Elapsed time: 00:00:00.0183331
2025-04-08 16:46:15,820: INFO  – ---> Command: Redo - Elapsed time: 00:00:00.0061961
2025-04-08 16:46:15,850: INFO  – ---> Command: Redo - Elapsed time: 00:00:00.0049910
2025-04-08 16:46:15,897: INFO  – ---> Command: Redo - Elapsed time: 00:00:00.0051635
2025-04-08 16:46:15,929: INFO  – ---> Command: Redo - Elapsed time: 00:00:00.0059367
2025-04-08 16:46:15,959: INFO  – ---> Command: Redo - Elapsed time: 00:00:00.0052173
2025-04-08 16:46:15,992: INFO  – ---> Command: Redo - Elapsed time: 00:00:00.0064903
2025-04-08 16:46:16,022: INFO  – ---> Command: Redo - Elapsed time: 00:00:00.0064919
2025-04-08 16:46:16,053: INFO  – ---> Command: Redo - Elapsed time: 00:00:00.0056086
2025-04-08 16:46:16,085: INFO  – ---> Command: Redo - Elapsed time: 00:00:00.0058926
2025-04-08 16:46:16,119: INFO  – ---> Command: Redo - Elapsed time: 00:00:00.0087779
2025-04-08 16:46:16,161: INFO  – ---> Command: Redo - Elapsed time: 00:00:00.0053627
2025-04-08 16:46:16,193: INFO  – ---> Command: Redo - Elapsed time: 00:00:00.0059674
2025-04-08 16:46:16,225: INFO  – ---> Command: Redo - Elapsed time: 00:00:00.0055487
2025-04-08 16:46:16,256: INFO  – ---> Command: Redo - Elapsed time: 00:00:00.0059545
2025-04-08 16:46:16,287: INFO  – ---> Command: Redo - Elapsed time: 00:00:00.0062342
2025-04-08 16:46:16,319: INFO  – ---> Command: Redo - Elapsed time: 00:00:00.0057737
2025-04-08 16:46:16,349: INFO  – ---> Command: Redo - Elapsed time: 00:00:00.0057008
2025-04-08 16:46:16,381: INFO  – ---> Command: Redo - Elapsed time: 00:00:00.0061127
2025-04-08 16:46:16,413: INFO  – ---> Command: Redo - Elapsed time: 00:00:00.0056885
2025-04-08 16:46:16,445: INFO  – ---> Command: Redo - Elapsed time: 00:00:00.0063298
2025-04-08 16:46:16,491: INFO  – ---> Command: Redo - Elapsed time: 00:00:00.0060192
2025-04-08 16:46:16,523: INFO  – ---> Command: Redo - Elapsed time: 00:00:00.0058236
2025-04-08 16:46:16,554: INFO  – ---> Command: Redo - Elapsed time: 00:00:00.0061888
2025-04-08 16:46:16,600: INFO  – ---> Command: Redo - Elapsed time: 00:00:00.0209896
2025-04-08 16:46:16,615: INFO  – ---> Command: Redo - Elapsed time: 00:00:00.0050452
2025-04-08 16:46:16,647: INFO  – ---> Command: Redo - Elapsed time: 00:00:00.0052136
2025-04-08 16:46:18,035: INFO  – ---> Command: Undo - Elapsed time: 00:00:00.0056051
2025-04-08 16:46:18,435: INFO  – ---> Command: Undo - Elapsed time: 00:00:00.0063079
2025-04-08 16:46:30,635: INFO  – ---> Command: Save - Elapsed time: 00:00:00.4938553
2025-04-08 16:48:36,275: INFO  – ---> Command: Save - Elapsed time: 00:00:00.4787611
2025-04-08 16:49:02,109: INFO  – ---> Command: Save - Elapsed time: 00:00:00.4280710
2025-04-08 16:49:04,634: INFO  – ---> Command: BuildSelectedObjectOnly - Elapsed time: 00:00:00.0035941
2025-04-08 16:49:14,221: INFO  – ---> Command: BuildCommandWrapperUI - Elapsed time: 00:00:09.5750995
2025-04-08 16:50:05,778: INFO  – ---> Command: Paste - Elapsed time: 00:00:00.0053938
2025-04-08 16:50:07,250: INFO  – ---> Command: Undo - Elapsed time: 00:00:00.0049497
2025-04-08 16:50:24,579: INFO  – ---> Command: Undo - Elapsed time: 00:00:00.0058479
2025-04-08 16:50:24,868: INFO  – ---> Command: Undo - Elapsed time: 00:00:00.0152062
2025-04-08 16:51:50,189: INFO  – ---> Command: Save - Elapsed time: 00:00:00.4874606
2025-04-08 16:54:06,728: INFO  – ---> Command: Undo - Elapsed time: 00:00:00.0111356
2025-04-08 16:55:06,835: INFO  – ---> Command: Copy - Elapsed time: 00:00:00.0021520
2025-04-08 16:55:18,839: INFO  – ---> Command: Paste - Elapsed time: 00:00:00.0263300
2025-04-08 16:55:38,807: INFO  – ---> Command: Copy - Elapsed time: 00:00:00.0018224
2025-04-08 16:55:41,141: INFO  – ---> Command: Paste - Elapsed time: 00:00:00.0072607
2025-04-08 16:55:43,203: INFO  – ---> Command: Paste - Elapsed time: 00:00:00.0063983
2025-04-08 16:55:45,355: INFO  – ---> Command: Paste - Elapsed time: 00:00:00.0065280
2025-04-08 16:55:46,143: INFO  – ---> Command: Save - Elapsed time: 00:00:00.4655946
2025-04-08 16:55:59,752: INFO  – ---> Command: Copy - Elapsed time: 00:00:00.0022265
2025-04-08 16:56:02,134: INFO  – ---> Command: Paste - Elapsed time: 00:00:00.0095711
2025-04-08 16:56:02,817: INFO  – ---> Command: Save - Elapsed time: 00:00:00.3964708
2025-04-08 16:56:05,240: INFO  – ---> Command: BuildSelectedObjectOnly - Elapsed time: 00:00:00.0031794
2025-04-08 16:56:14,979: INFO  – ---> Command: BuildCommandWrapperUI - Elapsed time: 00:00:09.7298028
2025-04-08 16:56:46,952: INFO  – ---> Command: Cut - Elapsed time: 00:00:00.0190961
2025-04-08 16:56:47,901: INFO  – ---> Command: Save - Elapsed time: 00:00:00.5599461
2025-04-08 16:56:52,149: INFO  – ---> Command: BuildSelectedObjectOnly - Elapsed time: 00:00:00.0066592
2025-04-08 16:57:01,565: INFO  – ---> Command: BuildCommandWrapperUI - Elapsed time: 00:00:09.4074465
2025-04-08 16:57:20,440: INFO  – ---> Command: Undo - Elapsed time: 00:00:00.0275030
2025-04-08 16:57:46,343: INFO  – ---> Command: Delete - Elapsed time: 00:00:00.0101645
2025-04-08 16:57:51,572: INFO  – ---> Command: Save - Elapsed time: 00:00:00.5194140
2025-04-08 16:58:14,265: INFO  – ---> Command: BuildSelectedObjectOnly - Elapsed time: 00:00:00.0038863
2025-04-08 16:58:24,199: INFO  – ---> Command: BuildCommandWrapperUI - Elapsed time: 00:00:09.9264454
2025-04-08 16:58:52,559: INFO  – ---> Command: Save - Elapsed time: 00:00:00.5857262
2025-04-08 16:58:54,191: INFO  – ---> Command: BuildSelectedObjectOnly - Elapsed time: 00:00:00.0104247
2025-04-08 16:59:03,659: INFO  – ---> Command: BuildCommandWrapperUI - Elapsed time: 00:00:09.4570957
2025-04-08 16:59:19,043: INFO  – ---> Command: Save - Elapsed time: 00:00:00.4228309
2025-04-08 16:59:39,088: INFO  – ---> Command: Find - Elapsed time: 00:00:00.1238012
2025-04-08 16:59:45,198: INFO  – ---> Command: Copy - Elapsed time: 00:00:00.0016569
2025-04-08 16:59:46,578: INFO  – ---> Command: Paste - Elapsed time: 00:00:00.0055184
2025-04-08 16:59:55,535: INFO  – ---> Command: Find - Elapsed time: 00:00:00.1219640
2025-04-08 17:00:16,387: INFO  – ---> Command: BuildSelectedObjectOnly - Elapsed time: 00:00:00.0051192
2025-04-08 17:00:26,130: INFO  – ---> Command: BuildCommandWrapperUI - Elapsed time: 00:00:09.7318369
2025-04-08 17:01:51,591: INFO  – ---> Command: Copy - Elapsed time: 00:00:00.0021543
2025-04-08 17:03:52,015: INFO  – ---> Command: Copy - Elapsed time: 00:00:00.0022580
2025-04-08 17:03:53,795: INFO  – ---> Command: Cut - Elapsed time: 00:00:00.0139667
2025-04-08 17:04:13,351: INFO  – ---> Command: Paste - Elapsed time: 00:00:00.0105598
2025-04-08 17:04:19,877: INFO  – ---> Command: Save - Elapsed time: 00:00:00.6726930
2025-04-08 17:04:24,478: INFO  – ---> Command: BuildSelectedObjectOnly - Elapsed time: 00:00:00.0097118
2025-04-08 17:04:33,984: INFO  – ---> Command: BuildCommandWrapperUI - Elapsed time: 00:00:09.4944516
2025-04-08 17:05:33,160: INFO  – ---> Command: Save - Elapsed time: 00:00:00.4911692
2025-04-08 17:05:37,534: INFO  – ---> Command: BuildSelectedObjectOnly - Elapsed time: 00:00:00.0090873
2025-04-08 17:05:46,749: INFO  – ---> Command: BuildCommandWrapperUI - Elapsed time: 00:00:09.2062494
2025-04-08 17:06:15,906: INFO  – ---> Command: Cut - Elapsed time: 00:00:00.0211509
2025-04-08 17:06:18,362: INFO  – ---> Command: Paste - Elapsed time: 00:00:00.0054427
2025-04-08 17:06:19,139: INFO  – ---> Command: Save - Elapsed time: 00:00:00.4942538
2025-04-08 17:06:32,820: INFO  – ---> Command: Save - Elapsed time: 00:00:00.3913499
2025-04-08 17:06:35,009: INFO  – ---> Command: BuildSelectedObjectOnly - Elapsed time: 00:00:00.0035374
2025-04-08 17:06:44,409: INFO  – ---> Command: BuildCommandWrapperUI - Elapsed time: 00:00:09.3939553
2025-04-08 17:08:28,161: INFO  – ---> Command: Undo - Elapsed time: 00:00:00.0195255
2025-04-08 17:08:28,652: INFO  – ---> Command: Undo - Elapsed time: 00:00:00.0061397
2025-04-08 17:08:28,722: INFO  – ---> Command: Undo - Elapsed time: 00:00:00.0059216
2025-04-08 17:08:28,857: INFO  – ---> Command: Undo - Elapsed time: 00:00:00.0092822
2025-04-08 17:08:28,878: INFO  – ---> Command: Undo - Elapsed time: 00:00:00.0197179
2025-04-08 17:08:28,894: INFO  – ---> Command: Undo - Elapsed time: 00:00:00.0146496
2025-04-08 17:08:28,922: INFO  – ---> Command: Undo - Elapsed time: 00:00:00.0130516
2025-04-08 17:08:28,947: INFO  – ---> Command: Undo - Elapsed time: 00:00:00.0067873
2025-04-08 17:08:28,978: INFO  – ---> Command: Undo - Elapsed time: 00:00:00.0070726
2025-04-08 17:08:29,024: INFO  – ---> Command: Undo - Elapsed time: 00:00:00.0061342
2025-04-08 17:08:29,056: INFO  – ---> Command: Undo - Elapsed time: 00:00:00.0064721
2025-04-08 17:08:29,380: INFO  – ---> Command: Undo - Elapsed time: 00:00:00.0067182
2025-04-08 17:08:29,619: INFO  – ---> Command: Undo - Elapsed time: 00:00:00.0063834
2025-04-08 17:08:29,827: INFO  – ---> Command: Undo - Elapsed time: 00:00:00.0063999
2025-04-08 17:08:30,342: INFO  – ---> Command: Undo - Elapsed time: 00:00:00.0080578
2025-04-08 17:08:30,378: INFO  – ---> Command: Undo - Elapsed time: 00:00:00.0114412
2025-04-08 17:08:30,409: INFO  – ---> Command: Undo - Elapsed time: 00:00:00.0110699
2025-04-08 17:08:30,440: INFO  – ---> Command: Undo - Elapsed time: 00:00:00.0114976
2025-04-08 17:08:30,475: INFO  – ---> Command: Undo - Elapsed time: 00:00:00.0149032
2025-04-08 17:08:30,505: INFO  – ---> Command: Undo - Elapsed time: 00:00:00.0156433
2025-04-08 17:08:30,533: INFO  – ---> Command: Undo - Elapsed time: 00:00:00.0116818
2025-04-08 17:08:30,568: INFO  – ---> Command: Undo - Elapsed time: 00:00:00.0143479
2025-04-08 17:08:30,602: INFO  – ---> Command: Undo - Elapsed time: 00:00:00.0175453
2025-04-08 17:08:30,638: INFO  – ---> Command: Undo - Elapsed time: 00:00:00.0061851
2025-04-08 17:08:30,684: INFO  – ---> Command: Undo - Elapsed time: 00:00:00.0233345
2025-04-08 17:08:31,297: INFO  – ---> Command: Undo - Elapsed time: 00:00:00.0122969
2025-04-08 17:08:31,732: INFO  – ---> Command: Undo - Elapsed time: 00:00:00.0233455
2025-04-08 17:08:31,986: INFO  – ---> Command: Undo - Elapsed time: 00:00:00.0138058
2025-04-08 17:08:32,314: INFO  – ---> Command: Undo - Elapsed time: 00:00:00.0304205
2025-04-08 17:08:33,380: INFO  – ---> Command: Undo - Elapsed time: 00:00:00.0069536
2025-04-08 17:08:34,574: INFO  – ---> Command: Undo - Elapsed time: 00:00:00.0089497
2025-04-08 17:08:35,084: INFO  – ---> Command: Undo - Elapsed time: 00:00:00.0083911
2025-04-08 17:08:35,627: INFO  – ---> Command: Undo - Elapsed time: 00:00:00.0052996
2025-04-08 17:08:36,273: INFO  – ---> Command: Undo - Elapsed time: 00:00:00.0046649
2025-04-08 17:08:36,631: INFO  – ---> Command: Undo - Elapsed time: 00:00:00.0099868
2025-04-08 17:08:37,014: INFO  – ---> Command: Undo - Elapsed time: 00:00:00.0258620
2025-04-08 17:08:37,790: INFO  – ---> Command: Undo - Elapsed time: 00:00:00.0081034
2025-04-08 17:08:38,192: INFO  – ---> Command: Undo - Elapsed time: 00:00:00.0111864
2025-04-08 17:08:38,487: INFO  – ---> Command: Undo - Elapsed time: 00:00:00.0106049
2025-04-08 17:08:39,048: INFO  – ---> Command: Undo - Elapsed time: 00:00:00.0114334
2025-04-08 17:08:39,759: INFO  – ---> Command: Undo - Elapsed time: 00:00:00.0101081
2025-04-08 17:08:40,178: INFO  – ---> Command: Undo - Elapsed time: 00:00:00.0055487
2025-04-08 17:08:40,570: INFO  – ---> Command: Undo - Elapsed time: 00:00:00.0058219
2025-04-08 17:08:40,931: INFO  – ---> Command: Undo - Elapsed time: 00:00:00.0057476
2025-04-08 17:08:41,258: INFO  – ---> Command: Undo - Elapsed time: 00:00:00.0052990
2025-04-08 17:08:41,506: INFO  – ---> Command: Undo - Elapsed time: 00:00:00.0053357
2025-04-08 17:08:41,738: INFO  – ---> Command: Undo - Elapsed time: 00:00:00.0053378
2025-04-08 17:08:42,085: INFO  – ---> Command: Undo - Elapsed time: 00:00:00.0080346
2025-04-08 17:08:42,362: INFO  – ---> Command: Undo - Elapsed time: 00:00:00.0052460
2025-04-08 17:08:42,610: INFO  – ---> Command: Undo - Elapsed time: 00:00:00.0055398
2025-04-08 17:08:42,858: INFO  – ---> Command: Undo - Elapsed time: 00:00:00.0056820
2025-04-08 17:08:43,202: INFO  – ---> Command: Undo - Elapsed time: 00:00:00.0056825
2025-04-08 17:08:44,954: INFO  – ---> Command: Save - Elapsed time: 00:00:00.5177039
2025-04-08 17:13:59,658: INFO  – ---> Command: Save - Elapsed time: 00:00:00.5106561
2025-04-08 17:13:59,689: INFO  – ---> Command: SelectAll - Elapsed time: 00:00:00.0260000
2025-04-08 17:14:01,379: INFO  – ---> Command: BuildSelectedObjectOnly - Elapsed time: 00:00:00.0053222
2025-04-08 17:14:11,124: INFO  – ---> Command: BuildCommandWrapperUI - Elapsed time: 00:00:09.7330955
2025-04-08 17:14:23,677: INFO  – ---> Command: Copy - Elapsed time: 00:00:00.0011127
2025-04-08 17:14:24,014: INFO  – ---> Command: Find - Elapsed time: 00:00:00.0183284
2025-04-08 17:14:26,314: INFO  – ---> Command: Paste - Elapsed time: 00:00:00.0065646
2025-04-08 17:28:08,474: INFO  – ---> Command: Delete - Elapsed time: 00:00:00.0061449
2025-04-08 17:28:20,938: INFO  – ---> Command: Save - Elapsed time: 00:00:00.5342085
